{"C:\\Users\\ulisucksweinwer.DESKTOP-ACLRN6B\\Desktop\\School\\Fall 2023\\COSC_4353\\Group_App\\COSC4353-GroupProject\\backend\\index.js": {"path":"C:\\Users\\ulisucksweinwer.DESKTOP-ACLRN6B\\Desktop\\School\\Fall 2023\\COSC_4353\\Group_App\\COSC4353-GroupProject\\backend\\index.js","statementMap":{"0":{"start":{"line":1,"column":16},"end":{"line":1,"column":34}},"1":{"start":{"line":2,"column":12},"end":{"line":2,"column":21}},"2":{"start":{"line":3,"column":13},"end":{"line":3,"column":28}},"3":{"start":{"line":4,"column":17},"end":{"line":4,"column":36}},"4":{"start":{"line":6,"column":0},"end":{"line":6,"column":16}},"5":{"start":{"line":7,"column":0},"end":{"line":7,"column":24}},"6":{"start":{"line":10,"column":19},"end":{"line":10,"column":49}},"7":{"start":{"line":12,"column":20},"end":{"line":12,"column":52}},"8":{"start":{"line":14,"column":24},"end":{"line":14,"column":59}},"9":{"start":{"line":17,"column":0},"end":{"line":17,"column":25}},"10":{"start":{"line":18,"column":0},"end":{"line":18,"column":26}},"11":{"start":{"line":19,"column":0},"end":{"line":19,"column":30}},"12":{"start":{"line":21,"column":12},"end":{"line":21,"column":126}},"13":{"start":{"line":23,"column":0},"end":{"line":30,"column":5}},"14":{"start":{"line":26,"column":4},"end":{"line":26,"column":48}},"15":{"start":{"line":29,"column":4},"end":{"line":29,"column":49}},"16":{"start":{"line":32,"column":13},"end":{"line":32,"column":17}},"17":{"start":{"line":33,"column":0},"end":{"line":35,"column":3}},"18":{"start":{"line":34,"column":2},"end":{"line":34,"column":48}},"19":{"start":{"line":37,"column":0},"end":{"line":37,"column":21}}},"fnMap":{"0":{"name":"(anonymous_0)","decl":{"start":{"line":25,"column":8},"end":{"line":25,"column":9}},"loc":{"start":{"line":25,"column":14},"end":{"line":27,"column":3}},"line":25},"1":{"name":"(anonymous_1)","decl":{"start":{"line":28,"column":9},"end":{"line":28,"column":10}},"loc":{"start":{"line":28,"column":18},"end":{"line":30,"column":3}},"line":28},"2":{"name":"(anonymous_2)","decl":{"start":{"line":33,"column":17},"end":{"line":33,"column":18}},"loc":{"start":{"line":33,"column":23},"end":{"line":35,"column":1}},"line":33}},"branchMap":{},"s":{"0":2,"1":2,"2":2,"3":2,"4":2,"5":2,"6":2,"7":2,"8":2,"9":2,"10":2,"11":2,"12":2,"13":2,"14":2,"15":0,"16":2,"17":2,"18":1,"19":2},"f":{"0":2,"1":0,"2":1},"b":{},"_coverageSchema":"1a1c01bbd47fc00a2c39e90264f33305004495a9","hash":"c8fbf1a4df29e6aacd53c8ea8ef9394d65d19c05"}
,"C:\\Users\\ulisucksweinwer.DESKTOP-ACLRN6B\\Desktop\\School\\Fall 2023\\COSC_4353\\Group_App\\COSC4353-GroupProject\\backend\\models\\userSchemas.js": {"path":"C:\\Users\\ulisucksweinwer.DESKTOP-ACLRN6B\\Desktop\\School\\Fall 2023\\COSC_4353\\Group_App\\COSC4353-GroupProject\\backend\\models\\userSchemas.js","statementMap":{"0":{"start":{"line":1,"column":13},"end":{"line":1,"column":28}},"1":{"start":{"line":2,"column":17},"end":{"line":2,"column":36}},"2":{"start":{"line":3,"column":15},"end":{"line":3,"column":30}},"3":{"start":{"line":6,"column":22},"end":{"line":23,"column":2}},"4":{"start":{"line":26,"column":13},"end":{"line":26,"column":53}},"5":{"start":{"line":28,"column":24},"end":{"line":63,"column":2}},"6":{"start":{"line":65,"column":16},"end":{"line":65,"column":61}},"7":{"start":{"line":68,"column":20},"end":{"line":76,"column":2}},"8":{"start":{"line":78,"column":14},"end":{"line":78,"column":51}},"9":{"start":{"line":80,"column":0},"end":{"line":80,"column":42}}},"fnMap":{},"branchMap":{},"s":{"0":3,"1":3,"2":3,"3":3,"4":3,"5":3,"6":3,"7":3,"8":3,"9":3},"f":{},"b":{},"_coverageSchema":"1a1c01bbd47fc00a2c39e90264f33305004495a9","hash":"722240cb8cb00fe945ea78af8e3646956e888a12"}
,"C:\\Users\\ulisucksweinwer.DESKTOP-ACLRN6B\\Desktop\\School\\Fall 2023\\COSC_4353\\Group_App\\COSC4353-GroupProject\\backend\\routes\\profileSettings.js": {"path":"C:\\Users\\ulisucksweinwer.DESKTOP-ACLRN6B\\Desktop\\School\\Fall 2023\\COSC_4353\\Group_App\\COSC4353-GroupProject\\backend\\routes\\profileSettings.js","statementMap":{"0":{"start":{"line":1,"column":16},"end":{"line":1,"column":34}},"1":{"start":{"line":2,"column":15},"end":{"line":2,"column":32}},"2":{"start":{"line":3,"column":15},"end":{"line":3,"column":31}},"3":{"start":{"line":4,"column":12},"end":{"line":4,"column":35}},"4":{"start":{"line":5,"column":21},"end":{"line":5,"column":53}},"5":{"start":{"line":6,"column":24},"end":{"line":6,"column":56}},"6":{"start":{"line":8,"column":13},"end":{"line":59,"column":1}},"7":{"start":{"line":62,"column":0},"end":{"line":98,"column":3}},"8":{"start":{"line":63,"column":2},"end":{"line":97,"column":3}},"9":{"start":{"line":64,"column":18},"end":{"line":64,"column":42}},"10":{"start":{"line":65,"column":20},"end":{"line":65,"column":50}},"11":{"start":{"line":66,"column":19},"end":{"line":66,"column":33}},"12":{"start":{"line":68,"column":23},"end":{"line":68,"column":65}},"13":{"start":{"line":70,"column":4},"end":{"line":93,"column":5}},"14":{"start":{"line":71,"column":6},"end":{"line":71,"column":41}},"15":{"start":{"line":72,"column":6},"end":{"line":72,"column":70}},"16":{"start":{"line":74,"column":30},"end":{"line":76,"column":15}},"17":{"start":{"line":78,"column":6},"end":{"line":92,"column":7}},"18":{"start":{"line":79,"column":8},"end":{"line":79,"column":43}},"19":{"start":{"line":80,"column":8},"end":{"line":82,"column":61}},"20":{"start":{"line":84,"column":8},"end":{"line":84,"column":63}},"21":{"start":{"line":85,"column":8},"end":{"line":91,"column":13}},"22":{"start":{"line":95,"column":4},"end":{"line":95,"column":52}},"23":{"start":{"line":96,"column":4},"end":{"line":96,"column":68}},"24":{"start":{"line":101,"column":0},"end":{"line":263,"column":3}},"25":{"start":{"line":103,"column":16},"end":{"line":103,"column":40}},"26":{"start":{"line":104,"column":18},"end":{"line":104,"column":48}},"27":{"start":{"line":105,"column":17},"end":{"line":105,"column":31}},"28":{"start":{"line":107,"column":2},"end":{"line":107,"column":32}},"29":{"start":{"line":108,"column":2},"end":{"line":108,"column":34}},"30":{"start":{"line":110,"column":2},"end":{"line":262,"column":3}},"31":{"start":{"line":111,"column":23},"end":{"line":111,"column":65}},"32":{"start":{"line":120,"column":8},"end":{"line":120,"column":13}},"33":{"start":{"line":121,"column":24},"end":{"line":121,"column":42}},"34":{"start":{"line":123,"column":6},"end":{"line":123,"column":69}},"35":{"start":{"line":124,"column":28},"end":{"line":124,"column":55}},"36":{"start":{"line":125,"column":24},"end":{"line":125,"column":43}},"37":{"start":{"line":126,"column":23},"end":{"line":126,"column":35}},"38":{"start":{"line":128,"column":4},"end":{"line":258,"column":5}},"39":{"start":{"line":129,"column":6},"end":{"line":129,"column":70}},"40":{"start":{"line":133,"column":8},"end":{"line":133,"column":20}},"41":{"start":{"line":135,"column":6},"end":{"line":142,"column":7}},"42":{"start":{"line":136,"column":8},"end":{"line":136,"column":44}},"43":{"start":{"line":137,"column":8},"end":{"line":139,"column":58}},"44":{"start":{"line":141,"column":8},"end":{"line":141,"column":28}},"45":{"start":{"line":144,"column":6},"end":{"line":151,"column":7}},"46":{"start":{"line":145,"column":8},"end":{"line":145,"column":43}},"47":{"start":{"line":146,"column":8},"end":{"line":148,"column":57}},"48":{"start":{"line":150,"column":8},"end":{"line":150,"column":27}},"49":{"start":{"line":153,"column":6},"end":{"line":160,"column":7}},"50":{"start":{"line":154,"column":8},"end":{"line":154,"column":43}},"51":{"start":{"line":155,"column":8},"end":{"line":157,"column":57}},"52":{"start":{"line":159,"column":8},"end":{"line":159,"column":27}},"53":{"start":{"line":162,"column":6},"end":{"line":173,"column":7}},"54":{"start":{"line":163,"column":8},"end":{"line":163,"column":43}},"55":{"start":{"line":164,"column":8},"end":{"line":166,"column":57}},"56":{"start":{"line":168,"column":8},"end":{"line":171,"column":9}},"57":{"start":{"line":169,"column":10},"end":{"line":169,"column":46}},"58":{"start":{"line":170,"column":10},"end":{"line":170,"column":41}},"59":{"start":{"line":172,"column":8},"end":{"line":172,"column":27}},"60":{"start":{"line":175,"column":6},"end":{"line":180,"column":7}},"61":{"start":{"line":176,"column":8},"end":{"line":176,"column":39}},"62":{"start":{"line":177,"column":8},"end":{"line":177,"column":77}},"63":{"start":{"line":179,"column":8},"end":{"line":179,"column":27}},"64":{"start":{"line":182,"column":6},"end":{"line":184,"column":7}},"65":{"start":{"line":183,"column":8},"end":{"line":183,"column":28}},"66":{"start":{"line":186,"column":6},"end":{"line":193,"column":7}},"67":{"start":{"line":187,"column":8},"end":{"line":187,"column":42}},"68":{"start":{"line":188,"column":8},"end":{"line":190,"column":56}},"69":{"start":{"line":192,"column":8},"end":{"line":192,"column":26}},"70":{"start":{"line":195,"column":6},"end":{"line":195,"column":43}},"71":{"start":{"line":196,"column":6},"end":{"line":196,"column":41}},"72":{"start":{"line":197,"column":6},"end":{"line":197,"column":41}},"73":{"start":{"line":198,"column":6},"end":{"line":198,"column":41}},"74":{"start":{"line":199,"column":6},"end":{"line":199,"column":41}},"75":{"start":{"line":200,"column":6},"end":{"line":200,"column":42}},"76":{"start":{"line":201,"column":6},"end":{"line":201,"column":39}},"77":{"start":{"line":203,"column":6},"end":{"line":257,"column":7}},"78":{"start":{"line":212,"column":8},"end":{"line":212,"column":61}},"79":{"start":{"line":213,"column":8},"end":{"line":215,"column":71}},"80":{"start":{"line":217,"column":32},"end":{"line":217,"column":78}},"81":{"start":{"line":218,"column":8},"end":{"line":218,"column":57}},"82":{"start":{"line":220,"column":8},"end":{"line":247,"column":9}},"83":{"start":{"line":221,"column":10},"end":{"line":221,"column":48}},"84":{"start":{"line":222,"column":10},"end":{"line":222,"column":46}},"85":{"start":{"line":223,"column":10},"end":{"line":223,"column":46}},"86":{"start":{"line":224,"column":10},"end":{"line":224,"column":46}},"87":{"start":{"line":225,"column":10},"end":{"line":225,"column":38}},"88":{"start":{"line":226,"column":10},"end":{"line":226,"column":40}},"89":{"start":{"line":227,"column":10},"end":{"line":227,"column":44}},"90":{"start":{"line":228,"column":10},"end":{"line":228,"column":39}},"91":{"start":{"line":230,"column":10},"end":{"line":230,"column":54}},"92":{"start":{"line":231,"column":10},"end":{"line":231,"column":58}},"93":{"start":{"line":233,"column":29},"end":{"line":242,"column":12}},"94":{"start":{"line":243,"column":10},"end":{"line":243,"column":44}},"95":{"start":{"line":245,"column":10},"end":{"line":245,"column":34}},"96":{"start":{"line":246,"column":10},"end":{"line":246,"column":34}},"97":{"start":{"line":250,"column":8},"end":{"line":250,"column":47}},"98":{"start":{"line":251,"column":8},"end":{"line":256,"column":13}},"99":{"start":{"line":260,"column":4},"end":{"line":260,"column":53}},"100":{"start":{"line":261,"column":4},"end":{"line":261,"column":68}},"101":{"start":{"line":266,"column":0},"end":{"line":376,"column":3}},"102":{"start":{"line":268,"column":16},"end":{"line":268,"column":40}},"103":{"start":{"line":269,"column":18},"end":{"line":269,"column":48}},"104":{"start":{"line":270,"column":17},"end":{"line":270,"column":31}},"105":{"start":{"line":272,"column":2},"end":{"line":375,"column":3}},"106":{"start":{"line":273,"column":23},"end":{"line":273,"column":65}},"107":{"start":{"line":275,"column":4},"end":{"line":371,"column":5}},"108":{"start":{"line":276,"column":6},"end":{"line":276,"column":70}},"109":{"start":{"line":279,"column":18},"end":{"line":279,"column":36}},"110":{"start":{"line":280,"column":30},"end":{"line":280,"column":51}},"111":{"start":{"line":281,"column":27},"end":{"line":281,"column":29}},"112":{"start":{"line":282,"column":25},"end":{"line":282,"column":30}},"113":{"start":{"line":283,"column":28},"end":{"line":283,"column":33}},"114":{"start":{"line":286,"column":6},"end":{"line":313,"column":7}},"115":{"start":{"line":287,"column":8},"end":{"line":287,"column":58}},"116":{"start":{"line":288,"column":8},"end":{"line":291,"column":11}},"117":{"start":{"line":292,"column":13},"end":{"line":313,"column":7}},"118":{"start":{"line":293,"column":29},"end":{"line":293,"column":78}},"119":{"start":{"line":295,"column":8},"end":{"line":295,"column":57}},"120":{"start":{"line":296,"column":8},"end":{"line":296,"column":63}},"121":{"start":{"line":297,"column":8},"end":{"line":308,"column":9}},"122":{"start":{"line":298,"column":10},"end":{"line":298,"column":53}},"123":{"start":{"line":299,"column":10},"end":{"line":299,"column":80}},"124":{"start":{"line":300,"column":15},"end":{"line":308,"column":9}},"125":{"start":{"line":301,"column":10},"end":{"line":301,"column":72}},"126":{"start":{"line":302,"column":10},"end":{"line":304,"column":77}},"127":{"start":{"line":306,"column":10},"end":{"line":306,"column":44}},"128":{"start":{"line":307,"column":10},"end":{"line":307,"column":30}},"129":{"start":{"line":310,"column":8},"end":{"line":310,"column":33}},"130":{"start":{"line":311,"column":8},"end":{"line":311,"column":40}},"131":{"start":{"line":312,"column":8},"end":{"line":312,"column":28}},"132":{"start":{"line":316,"column":6},"end":{"line":352,"column":7}},"133":{"start":{"line":317,"column":8},"end":{"line":347,"column":9}},"134":{"start":{"line":318,"column":32},"end":{"line":330,"column":12}},"135":{"start":{"line":319,"column":12},"end":{"line":329,"column":14}},"136":{"start":{"line":323,"column":16},"end":{"line":327,"column":17}},"137":{"start":{"line":324,"column":18},"end":{"line":324,"column":30}},"138":{"start":{"line":326,"column":18},"end":{"line":326,"column":34}},"139":{"start":{"line":332,"column":10},"end":{"line":341,"column":11}},"140":{"start":{"line":333,"column":12},"end":{"line":333,"column":80}},"141":{"start":{"line":334,"column":12},"end":{"line":336,"column":15}},"142":{"start":{"line":338,"column":12},"end":{"line":338,"column":74}},"143":{"start":{"line":339,"column":12},"end":{"line":339,"column":58}},"144":{"start":{"line":340,"column":12},"end":{"line":340,"column":35}},"145":{"start":{"line":343,"column":10},"end":{"line":343,"column":55}},"146":{"start":{"line":344,"column":10},"end":{"line":346,"column":57}},"147":{"start":{"line":349,"column":8},"end":{"line":349,"column":45}},"148":{"start":{"line":350,"column":8},"end":{"line":350,"column":43}},"149":{"start":{"line":351,"column":8},"end":{"line":351,"column":31}},"150":{"start":{"line":354,"column":6},"end":{"line":370,"column":7}},"151":{"start":{"line":355,"column":8},"end":{"line":355,"column":33}},"152":{"start":{"line":356,"column":8},"end":{"line":356,"column":45}},"153":{"start":{"line":357,"column":8},"end":{"line":357,"column":26}},"154":{"start":{"line":359,"column":8},"end":{"line":359,"column":54}},"155":{"start":{"line":360,"column":8},"end":{"line":360,"column":60}},"156":{"start":{"line":363,"column":8},"end":{"line":365,"column":63}},"157":{"start":{"line":367,"column":8},"end":{"line":369,"column":57}},"158":{"start":{"line":373,"column":4},"end":{"line":373,"column":53}},"159":{"start":{"line":374,"column":4},"end":{"line":374,"column":68}},"160":{"start":{"line":378,"column":0},"end":{"line":378,"column":24}}},"fnMap":{"0":{"name":"(anonymous_0)","decl":{"start":{"line":62,"column":27},"end":{"line":62,"column":28}},"loc":{"start":{"line":62,"column":56},"end":{"line":98,"column":1}},"line":62},"1":{"name":"(anonymous_1)","decl":{"start":{"line":101,"column":39},"end":{"line":101,"column":40}},"loc":{"start":{"line":101,"column":68},"end":{"line":263,"column":1}},"line":101},"2":{"name":"(anonymous_2)","decl":{"start":{"line":266,"column":39},"end":{"line":266,"column":40}},"loc":{"start":{"line":266,"column":68},"end":{"line":376,"column":1}},"line":266},"3":{"name":"(anonymous_3)","decl":{"start":{"line":318,"column":50},"end":{"line":318,"column":51}},"loc":{"start":{"line":318,"column":71},"end":{"line":330,"column":11}},"line":318},"4":{"name":"(anonymous_4)","decl":{"start":{"line":322,"column":14},"end":{"line":322,"column":15}},"loc":{"start":{"line":322,"column":31},"end":{"line":328,"column":15}},"line":322}},"branchMap":{"0":{"loc":{"start":{"line":70,"column":4},"end":{"line":93,"column":5}},"type":"if","locations":[{"start":{"line":70,"column":4},"end":{"line":93,"column":5}},{"start":{"line":73,"column":11},"end":{"line":93,"column":5}}],"line":70},"1":{"loc":{"start":{"line":78,"column":6},"end":{"line":92,"column":7}},"type":"if","locations":[{"start":{"line":78,"column":6},"end":{"line":92,"column":7}},{"start":{"line":83,"column":13},"end":{"line":92,"column":7}}],"line":78},"2":{"loc":{"start":{"line":128,"column":4},"end":{"line":258,"column":5}},"type":"if","locations":[{"start":{"line":128,"column":4},"end":{"line":258,"column":5}},{"start":{"line":130,"column":11},"end":{"line":258,"column":5}}],"line":128},"3":{"loc":{"start":{"line":135,"column":6},"end":{"line":142,"column":7}},"type":"if","locations":[{"start":{"line":135,"column":6},"end":{"line":142,"column":7}},{"start":{"line":140,"column":13},"end":{"line":142,"column":7}}],"line":135},"4":{"loc":{"start":{"line":135,"column":10},"end":{"line":135,"column":58}},"type":"binary-expr","locations":[{"start":{"line":135,"column":10},"end":{"line":135,"column":38}},{"start":{"line":135,"column":42},"end":{"line":135,"column":58}}],"line":135},"5":{"loc":{"start":{"line":144,"column":6},"end":{"line":151,"column":7}},"type":"if","locations":[{"start":{"line":144,"column":6},"end":{"line":151,"column":7}},{"start":{"line":149,"column":13},"end":{"line":151,"column":7}}],"line":144},"6":{"loc":{"start":{"line":144,"column":10},"end":{"line":144,"column":56}},"type":"binary-expr","locations":[{"start":{"line":144,"column":10},"end":{"line":144,"column":37}},{"start":{"line":144,"column":41},"end":{"line":144,"column":56}}],"line":144},"7":{"loc":{"start":{"line":153,"column":6},"end":{"line":160,"column":7}},"type":"if","locations":[{"start":{"line":153,"column":6},"end":{"line":160,"column":7}},{"start":{"line":158,"column":13},"end":{"line":160,"column":7}}],"line":153},"8":{"loc":{"start":{"line":153,"column":10},"end":{"line":153,"column":60}},"type":"binary-expr","locations":[{"start":{"line":153,"column":10},"end":{"line":153,"column":41}},{"start":{"line":153,"column":45},"end":{"line":153,"column":60}}],"line":153},"9":{"loc":{"start":{"line":162,"column":6},"end":{"line":173,"column":7}},"type":"if","locations":[{"start":{"line":162,"column":6},"end":{"line":173,"column":7}},{"start":{"line":167,"column":13},"end":{"line":173,"column":7}}],"line":162},"10":{"loc":{"start":{"line":162,"column":10},"end":{"line":162,"column":60}},"type":"binary-expr","locations":[{"start":{"line":162,"column":10},"end":{"line":162,"column":41}},{"start":{"line":162,"column":45},"end":{"line":162,"column":60}}],"line":162},"11":{"loc":{"start":{"line":168,"column":8},"end":{"line":171,"column":9}},"type":"if","locations":[{"start":{"line":168,"column":8},"end":{"line":171,"column":9}},{"start":{},"end":{}}],"line":168},"12":{"loc":{"start":{"line":175,"column":6},"end":{"line":180,"column":7}},"type":"if","locations":[{"start":{"line":175,"column":6},"end":{"line":180,"column":7}},{"start":{"line":178,"column":13},"end":{"line":180,"column":7}}],"line":175},"13":{"loc":{"start":{"line":175,"column":10},"end":{"line":175,"column":48}},"type":"binary-expr","locations":[{"start":{"line":175,"column":10},"end":{"line":175,"column":33}},{"start":{"line":175,"column":37},"end":{"line":175,"column":48}}],"line":175},"14":{"loc":{"start":{"line":182,"column":6},"end":{"line":184,"column":7}},"type":"if","locations":[{"start":{"line":182,"column":6},"end":{"line":184,"column":7}},{"start":{},"end":{}}],"line":182},"15":{"loc":{"start":{"line":186,"column":6},"end":{"line":193,"column":7}},"type":"if","locations":[{"start":{"line":186,"column":6},"end":{"line":193,"column":7}},{"start":{"line":191,"column":13},"end":{"line":193,"column":7}}],"line":186},"16":{"loc":{"start":{"line":186,"column":10},"end":{"line":186,"column":53}},"type":"binary-expr","locations":[{"start":{"line":186,"column":10},"end":{"line":186,"column":35}},{"start":{"line":186,"column":39},"end":{"line":186,"column":53}}],"line":186},"17":{"loc":{"start":{"line":203,"column":6},"end":{"line":257,"column":7}},"type":"if","locations":[{"start":{"line":203,"column":6},"end":{"line":257,"column":7}},{"start":{"line":216,"column":13},"end":{"line":257,"column":7}}],"line":203},"18":{"loc":{"start":{"line":204,"column":8},"end":{"line":210,"column":19}},"type":"binary-expr","locations":[{"start":{"line":204,"column":8},"end":{"line":204,"column":21}},{"start":{"line":205,"column":8},"end":{"line":205,"column":20}},{"start":{"line":206,"column":8},"end":{"line":206,"column":20}},{"start":{"line":207,"column":8},"end":{"line":207,"column":20}},{"start":{"line":208,"column":8},"end":{"line":208,"column":20}},{"start":{"line":209,"column":8},"end":{"line":209,"column":21}},{"start":{"line":210,"column":8},"end":{"line":210,"column":19}}],"line":204},"19":{"loc":{"start":{"line":220,"column":8},"end":{"line":247,"column":9}},"type":"if","locations":[{"start":{"line":220,"column":8},"end":{"line":247,"column":9}},{"start":{"line":229,"column":15},"end":{"line":247,"column":9}}],"line":220},"20":{"loc":{"start":{"line":275,"column":4},"end":{"line":371,"column":5}},"type":"if","locations":[{"start":{"line":275,"column":4},"end":{"line":371,"column":5}},{"start":{"line":277,"column":11},"end":{"line":371,"column":5}}],"line":275},"21":{"loc":{"start":{"line":286,"column":6},"end":{"line":313,"column":7}},"type":"if","locations":[{"start":{"line":286,"column":6},"end":{"line":313,"column":7}},{"start":{"line":292,"column":13},"end":{"line":313,"column":7}}],"line":286},"22":{"loc":{"start":{"line":286,"column":10},"end":{"line":286,"column":36}},"type":"binary-expr","locations":[{"start":{"line":286,"column":10},"end":{"line":286,"column":16}},{"start":{"line":286,"column":20},"end":{"line":286,"column":36}}],"line":286},"23":{"loc":{"start":{"line":292,"column":13},"end":{"line":313,"column":7}},"type":"if","locations":[{"start":{"line":292,"column":13},"end":{"line":313,"column":7}},{"start":{"line":309,"column":13},"end":{"line":313,"column":7}}],"line":292},"24":{"loc":{"start":{"line":297,"column":8},"end":{"line":308,"column":9}},"type":"if","locations":[{"start":{"line":297,"column":8},"end":{"line":308,"column":9}},{"start":{"line":300,"column":15},"end":{"line":308,"column":9}}],"line":297},"25":{"loc":{"start":{"line":300,"column":15},"end":{"line":308,"column":9}},"type":"if","locations":[{"start":{"line":300,"column":15},"end":{"line":308,"column":9}},{"start":{"line":305,"column":15},"end":{"line":308,"column":9}}],"line":300},"26":{"loc":{"start":{"line":316,"column":6},"end":{"line":352,"column":7}},"type":"if","locations":[{"start":{"line":316,"column":6},"end":{"line":352,"column":7}},{"start":{"line":348,"column":13},"end":{"line":352,"column":7}}],"line":316},"27":{"loc":{"start":{"line":323,"column":16},"end":{"line":327,"column":17}},"type":"if","locations":[{"start":{"line":323,"column":16},"end":{"line":327,"column":17}},{"start":{"line":325,"column":23},"end":{"line":327,"column":17}}],"line":323},"28":{"loc":{"start":{"line":332,"column":10},"end":{"line":341,"column":11}},"type":"if","locations":[{"start":{"line":332,"column":10},"end":{"line":341,"column":11}},{"start":{"line":337,"column":17},"end":{"line":341,"column":11}}],"line":332},"29":{"loc":{"start":{"line":354,"column":6},"end":{"line":370,"column":7}},"type":"if","locations":[{"start":{"line":354,"column":6},"end":{"line":370,"column":7}},{"start":{"line":366,"column":13},"end":{"line":370,"column":7}}],"line":354},"30":{"loc":{"start":{"line":354,"column":10},"end":{"line":354,"column":41}},"type":"binary-expr","locations":[{"start":{"line":354,"column":10},"end":{"line":354,"column":22}},{"start":{"line":354,"column":26},"end":{"line":354,"column":41}}],"line":354}},"s":{"0":2,"1":2,"2":2,"3":2,"4":2,"5":2,"6":2,"7":2,"8":5,"9":5,"10":5,"11":2,"12":2,"13":2,"14":1,"15":1,"16":1,"17":1,"18":1,"19":1,"20":0,"21":0,"22":3,"23":3,"24":2,"25":8,"26":8,"27":8,"28":8,"29":8,"30":8,"31":8,"32":8,"33":8,"34":8,"35":8,"36":8,"37":8,"38":8,"39":1,"40":7,"41":7,"42":1,"43":1,"44":6,"45":6,"46":0,"47":0,"48":6,"49":6,"50":1,"51":1,"52":5,"53":5,"54":1,"55":1,"56":4,"57":3,"58":3,"59":4,"60":4,"61":1,"62":1,"63":3,"64":3,"65":2,"66":3,"67":1,"68":1,"69":2,"70":2,"71":2,"72":2,"73":2,"74":2,"75":2,"76":2,"77":2,"78":1,"79":1,"80":1,"81":1,"82":1,"83":1,"84":1,"85":1,"86":1,"87":1,"88":1,"89":1,"90":1,"91":0,"92":0,"93":0,"94":0,"95":0,"96":0,"97":1,"98":1,"99":0,"100":0,"101":2,"102":6,"103":6,"104":6,"105":6,"106":6,"107":6,"108":1,"109":5,"110":5,"111":5,"112":5,"113":5,"114":5,"115":1,"116":1,"117":4,"118":3,"119":3,"120":3,"121":3,"122":1,"123":1,"124":2,"125":1,"126":1,"127":1,"128":1,"129":1,"130":1,"131":1,"132":2,"133":2,"134":2,"135":2,"136":2,"137":0,"138":2,"139":2,"140":1,"141":1,"142":1,"143":1,"144":1,"145":0,"146":0,"147":0,"148":0,"149":0,"150":1,"151":1,"152":1,"153":1,"154":1,"155":1,"156":1,"157":0,"158":0,"159":0,"160":2},"f":{"0":5,"1":8,"2":6,"3":2,"4":2},"b":{"0":[1,1],"1":[1,0],"2":[1,7],"3":[1,6],"4":[7,6],"5":[0,6],"6":[6,6],"7":[1,5],"8":[6,5],"9":[1,4],"10":[5,4],"11":[3,1],"12":[1,3],"13":[4,3],"14":[2,1],"15":[1,2],"16":[3,2],"17":[1,1],"18":[2,2,2,2,2,2,1],"19":[1,0],"20":[1,5],"21":[1,4],"22":[5,2],"23":[3,1],"24":[1,2],"25":[1,1],"26":[2,0],"27":[0,2],"28":[1,1],"29":[1,0],"30":[1,1]},"_coverageSchema":"1a1c01bbd47fc00a2c39e90264f33305004495a9","hash":"c203a931b0c01b377ea5a0d668494ff421f76c25"}
,"C:\\Users\\ulisucksweinwer.DESKTOP-ACLRN6B\\Desktop\\School\\Fall 2023\\COSC_4353\\Group_App\\COSC4353-GroupProject\\backend\\routes\\quoteHistory.js": {"path":"C:\\Users\\ulisucksweinwer.DESKTOP-ACLRN6B\\Desktop\\School\\Fall 2023\\COSC_4353\\Group_App\\COSC4353-GroupProject\\backend\\routes\\quoteHistory.js","statementMap":{"0":{"start":{"line":1,"column":16},"end":{"line":1,"column":34}},"1":{"start":{"line":2,"column":15},"end":{"line":2,"column":31}},"2":{"start":{"line":3,"column":12},"end":{"line":3,"column":35}},"3":{"start":{"line":4,"column":18},"end":{"line":4,"column":50}},"4":{"start":{"line":5,"column":30},"end":{"line":5,"column":66}},"5":{"start":{"line":6,"column":27},"end":{"line":6,"column":59}},"6":{"start":{"line":7,"column":15},"end":{"line":7,"column":42}},"7":{"start":{"line":9,"column":0},"end":{"line":16,"column":3}},"8":{"start":{"line":10,"column":2},"end":{"line":15,"column":3}},"9":{"start":{"line":11,"column":19},"end":{"line":11,"column":37}},"10":{"start":{"line":12,"column":4},"end":{"line":12,"column":26}},"11":{"start":{"line":14,"column":4},"end":{"line":14,"column":62}},"12":{"start":{"line":19,"column":0},"end":{"line":30,"column":3}},"13":{"start":{"line":20,"column":16},"end":{"line":20,"column":40}},"14":{"start":{"line":21,"column":18},"end":{"line":21,"column":48}},"15":{"start":{"line":22,"column":17},"end":{"line":22,"column":31}},"16":{"start":{"line":24,"column":2},"end":{"line":29,"column":3}},"17":{"start":{"line":25,"column":19},"end":{"line":25,"column":47}},"18":{"start":{"line":26,"column":4},"end":{"line":26,"column":26}},"19":{"start":{"line":28,"column":4},"end":{"line":28,"column":62}},"20":{"start":{"line":33,"column":0},"end":{"line":39,"column":3}},"21":{"start":{"line":34,"column":19},"end":{"line":34,"column":32}},"22":{"start":{"line":35,"column":2},"end":{"line":35,"column":24}},"23":{"start":{"line":36,"column":21},"end":{"line":36,"column":48}},"24":{"start":{"line":37,"column":2},"end":{"line":37,"column":26}},"25":{"start":{"line":38,"column":2},"end":{"line":38,"column":40}},"26":{"start":{"line":42,"column":0},"end":{"line":71,"column":3}},"27":{"start":{"line":43,"column":15},"end":{"line":43,"column":27}},"28":{"start":{"line":44,"column":16},"end":{"line":44,"column":40}},"29":{"start":{"line":45,"column":18},"end":{"line":45,"column":48}},"30":{"start":{"line":46,"column":17},"end":{"line":46,"column":31}},"31":{"start":{"line":48,"column":16},"end":{"line":48,"column":26}},"32":{"start":{"line":49,"column":15},"end":{"line":49,"column":34}},"33":{"start":{"line":50,"column":16},"end":{"line":50,"column":36}},"34":{"start":{"line":51,"column":14},"end":{"line":51,"column":29}},"35":{"start":{"line":52,"column":24},"end":{"line":52,"column":49}},"36":{"start":{"line":54,"column":19},"end":{"line":61,"column":4}},"37":{"start":{"line":63,"column":2},"end":{"line":70,"column":3}},"38":{"start":{"line":64,"column":23},"end":{"line":64,"column":44}},"39":{"start":{"line":65,"column":4},"end":{"line":67,"column":72}},"40":{"start":{"line":69,"column":4},"end":{"line":69,"column":62}},"41":{"start":{"line":73,"column":0},"end":{"line":73,"column":24}}},"fnMap":{"0":{"name":"(anonymous_0)","decl":{"start":{"line":9,"column":36},"end":{"line":9,"column":37}},"loc":{"start":{"line":9,"column":65},"end":{"line":16,"column":1}},"line":9},"1":{"name":"(anonymous_1)","decl":{"start":{"line":19,"column":41},"end":{"line":19,"column":42}},"loc":{"start":{"line":19,"column":70},"end":{"line":30,"column":1}},"line":19},"2":{"name":"(anonymous_2)","decl":{"start":{"line":33,"column":45},"end":{"line":33,"column":46}},"loc":{"start":{"line":33,"column":68},"end":{"line":39,"column":1}},"line":33},"3":{"name":"(anonymous_3)","decl":{"start":{"line":42,"column":37},"end":{"line":42,"column":38}},"loc":{"start":{"line":42,"column":66},"end":{"line":71,"column":1}},"line":42}},"branchMap":{},"s":{"0":2,"1":2,"2":2,"3":2,"4":2,"5":2,"6":2,"7":2,"8":0,"9":0,"10":0,"11":0,"12":2,"13":0,"14":0,"15":0,"16":0,"17":0,"18":0,"19":0,"20":2,"21":0,"22":0,"23":0,"24":0,"25":0,"26":2,"27":0,"28":0,"29":0,"30":0,"31":0,"32":0,"33":0,"34":0,"35":0,"36":0,"37":0,"38":0,"39":0,"40":0,"41":2},"f":{"0":0,"1":0,"2":0,"3":0},"b":{},"_coverageSchema":"1a1c01bbd47fc00a2c39e90264f33305004495a9","hash":"0cebd936a2505ade98164971fa3cb28beee883ff"}
,"C:\\Users\\ulisucksweinwer.DESKTOP-ACLRN6B\\Desktop\\School\\Fall 2023\\COSC_4353\\Group_App\\COSC4353-GroupProject\\backend\\routes\\userRoutes.js": {"path":"C:\\Users\\ulisucksweinwer.DESKTOP-ACLRN6B\\Desktop\\School\\Fall 2023\\COSC_4353\\Group_App\\COSC4353-GroupProject\\backend\\routes\\userRoutes.js","statementMap":{"0":{"start":{"line":1,"column":16},"end":{"line":1,"column":34}},"1":{"start":{"line":2,"column":15},"end":{"line":2,"column":32}},"2":{"start":{"line":3,"column":15},"end":{"line":3,"column":31}},"3":{"start":{"line":4,"column":12},"end":{"line":4,"column":35}},"4":{"start":{"line":5,"column":27},"end":{"line":5,"column":59}},"5":{"start":{"line":6,"column":15},"end":{"line":6,"column":42}},"6":{"start":{"line":7,"column":15},"end":{"line":7,"column":47}},"7":{"start":{"line":8,"column":18},"end":{"line":8,"column":50}},"8":{"start":{"line":11,"column":0},"end":{"line":46,"column":3}},"9":{"start":{"line":12,"column":2},"end":{"line":45,"column":3}},"10":{"start":{"line":13,"column":23},"end":{"line":15,"column":13}},"11":{"start":{"line":17,"column":4},"end":{"line":22,"column":5}},"12":{"start":{"line":18,"column":6},"end":{"line":21,"column":9}},"13":{"start":{"line":24,"column":4},"end":{"line":29,"column":5}},"14":{"start":{"line":25,"column":6},"end":{"line":28,"column":9}},"15":{"start":{"line":31,"column":16},"end":{"line":33,"column":6}},"16":{"start":{"line":35,"column":4},"end":{"line":39,"column":7}},"17":{"start":{"line":41,"column":4},"end":{"line":44,"column":7}},"18":{"start":{"line":49,"column":0},"end":{"line":67,"column":3}},"19":{"start":{"line":50,"column":2},"end":{"line":66,"column":3}},"20":{"start":{"line":51,"column":18},"end":{"line":51,"column":42}},"21":{"start":{"line":52,"column":20},"end":{"line":52,"column":50}},"22":{"start":{"line":53,"column":19},"end":{"line":53,"column":33}},"23":{"start":{"line":55,"column":23},"end":{"line":55,"column":68}},"24":{"start":{"line":57,"column":4},"end":{"line":62,"column":5}},"25":{"start":{"line":58,"column":6},"end":{"line":61,"column":9}},"26":{"start":{"line":63,"column":4},"end":{"line":63,"column":30}},"27":{"start":{"line":65,"column":4},"end":{"line":65,"column":66}},"28":{"start":{"line":70,"column":0},"end":{"line":100,"column":3}},"29":{"start":{"line":71,"column":2},"end":{"line":99,"column":3}},"30":{"start":{"line":72,"column":18},"end":{"line":72,"column":36}},"31":{"start":{"line":73,"column":21},"end":{"line":73,"column":42}},"32":{"start":{"line":75,"column":25},"end":{"line":79,"column":13}},"33":{"start":{"line":80,"column":4},"end":{"line":85,"column":5}},"34":{"start":{"line":81,"column":6},"end":{"line":84,"column":9}},"35":{"start":{"line":86,"column":20},"end":{"line":91,"column":6}},"36":{"start":{"line":92,"column":22},"end":{"line":92,"column":42}},"37":{"start":{"line":93,"column":4},"end":{"line":93,"column":78}},"38":{"start":{"line":95,"column":4},"end":{"line":98,"column":7}},"39":{"start":{"line":102,"column":0},"end":{"line":102,"column":24}}},"fnMap":{"0":{"name":"(anonymous_0)","decl":{"start":{"line":11,"column":26},"end":{"line":11,"column":27}},"loc":{"start":{"line":11,"column":46},"end":{"line":46,"column":1}},"line":11},"1":{"name":"(anonymous_1)","decl":{"start":{"line":49,"column":38},"end":{"line":49,"column":39}},"loc":{"start":{"line":49,"column":67},"end":{"line":67,"column":1}},"line":49},"2":{"name":"(anonymous_2)","decl":{"start":{"line":70,"column":26},"end":{"line":70,"column":27}},"loc":{"start":{"line":70,"column":55},"end":{"line":100,"column":1}},"line":70}},"branchMap":{"0":{"loc":{"start":{"line":17,"column":4},"end":{"line":22,"column":5}},"type":"if","locations":[{"start":{"line":17,"column":4},"end":{"line":22,"column":5}},{"start":{},"end":{}}],"line":17},"1":{"loc":{"start":{"line":24,"column":4},"end":{"line":29,"column":5}},"type":"if","locations":[{"start":{"line":24,"column":4},"end":{"line":29,"column":5}},{"start":{},"end":{}}],"line":24},"2":{"loc":{"start":{"line":57,"column":4},"end":{"line":62,"column":5}},"type":"if","locations":[{"start":{"line":57,"column":4},"end":{"line":62,"column":5}},{"start":{},"end":{}}],"line":57},"3":{"loc":{"start":{"line":80,"column":4},"end":{"line":85,"column":5}},"type":"if","locations":[{"start":{"line":80,"column":4},"end":{"line":85,"column":5}},{"start":{},"end":{}}],"line":80}},"s":{"0":2,"1":2,"2":2,"3":2,"4":2,"5":2,"6":2,"7":2,"8":2,"9":4,"10":4,"11":3,"12":1,"13":2,"14":1,"15":1,"16":1,"17":1,"18":2,"19":2,"20":2,"21":2,"22":2,"23":2,"24":2,"25":1,"26":1,"27":1,"28":2,"29":4,"30":4,"31":4,"32":4,"33":2,"34":2,"35":0,"36":0,"37":0,"38":2,"39":2},"f":{"0":4,"1":2,"2":4},"b":{"0":[1,2],"1":[1,1],"2":[1,1],"3":[2,0]},"_coverageSchema":"1a1c01bbd47fc00a2c39e90264f33305004495a9","hash":"1d203b177c33ab7cb24b6636f536a59364b3ca2e"}
,"C:\\Users\\ulisucksweinwer.DESKTOP-ACLRN6B\\Desktop\\School\\Fall 2023\\COSC_4353\\Group_App\\COSC4353-GroupProject\\backend\\services\\basicAuth.js": {"path":"C:\\Users\\ulisucksweinwer.DESKTOP-ACLRN6B\\Desktop\\School\\Fall 2023\\COSC_4353\\Group_App\\COSC4353-GroupProject\\backend\\services\\basicAuth.js","statementMap":{"0":{"start":{"line":1,"column":12},"end":{"line":1,"column":35}},"1":{"start":{"line":3,"column":0},"end":{"line":19,"column":2}},"2":{"start":{"line":4,"column":16},"end":{"line":4,"column":33}},"3":{"start":{"line":7,"column":14},"end":{"line":7,"column":19}},"4":{"start":{"line":8,"column":2},"end":{"line":12,"column":5}},"5":{"start":{"line":9,"column":4},"end":{"line":11,"column":5}},"6":{"start":{"line":10,"column":6},"end":{"line":10,"column":19}},"7":{"start":{"line":13,"column":2},"end":{"line":17,"column":3}},"8":{"start":{"line":14,"column":4},"end":{"line":16,"column":7}},"9":{"start":{"line":18,"column":2},"end":{"line":18,"column":9}}},"fnMap":{"0":{"name":"(anonymous_0)","decl":{"start":{"line":3,"column":26},"end":{"line":3,"column":27}},"loc":{"start":{"line":3,"column":46},"end":{"line":19,"column":1}},"line":3},"1":{"name":"(anonymous_1)","decl":{"start":{"line":8,"column":33},"end":{"line":8,"column":34}},"loc":{"start":{"line":8,"column":51},"end":{"line":12,"column":3}},"line":8}},"branchMap":{"0":{"loc":{"start":{"line":9,"column":4},"end":{"line":11,"column":5}},"type":"if","locations":[{"start":{"line":9,"column":4},"end":{"line":11,"column":5}},{"start":{},"end":{}}],"line":9},"1":{"loc":{"start":{"line":13,"column":2},"end":{"line":17,"column":3}},"type":"if","locations":[{"start":{"line":13,"column":2},"end":{"line":17,"column":3}},{"start":{},"end":{}}],"line":13}},"s":{"0":3,"1":3,"2":5,"3":5,"4":5,"5":5,"6":2,"7":5,"8":2,"9":3},"f":{"0":5,"1":5},"b":{"0":[2,3],"1":[2,3]},"_coverageSchema":"1a1c01bbd47fc00a2c39e90264f33305004495a9","hash":"d7e49b5f6c35e357785233b58a56f5c90e4d7d07"}
,"C:\\Users\\ulisucksweinwer.DESKTOP-ACLRN6B\\Desktop\\School\\Fall 2023\\COSC_4353\\Group_App\\COSC4353-GroupProject\\backend\\services\\pricingModule.js": {"path":"C:\\Users\\ulisucksweinwer.DESKTOP-ACLRN6B\\Desktop\\School\\Fall 2023\\COSC_4353\\Group_App\\COSC4353-GroupProject\\backend\\services\\pricingModule.js","statementMap":{"0":{"start":{"line":1,"column":0},"end":{"line":19,"column":2}},"1":{"start":{"line":3,"column":35},"end":{"line":3,"column":68}},"2":{"start":{"line":4,"column":30},"end":{"line":4,"column":64}},"3":{"start":{"line":5,"column":26},"end":{"line":5,"column":59}},"4":{"start":{"line":7,"column":4},"end":{"line":8,"column":76}},"5":{"start":{"line":11,"column":34},"end":{"line":11,"column":46}},"6":{"start":{"line":12,"column":22},"end":{"line":12,"column":60}},"7":{"start":{"line":15,"column":2},"end":{"line":18,"column":4}}},"fnMap":{"0":{"name":"(anonymous_0)","decl":{"start":{"line":1,"column":35},"end":{"line":1,"column":36}},"loc":{"start":{"line":1,"column":45},"end":{"line":19,"column":1}},"line":1}},"branchMap":{"0":{"loc":{"start":{"line":3,"column":35},"end":{"line":3,"column":68}},"type":"cond-expr","locations":[{"start":{"line":3,"column":57},"end":{"line":3,"column":61}},{"start":{"line":3,"column":64},"end":{"line":3,"column":68}}],"line":3},"1":{"loc":{"start":{"line":4,"column":30},"end":{"line":4,"column":64}},"type":"cond-expr","locations":[{"start":{"line":4,"column":56},"end":{"line":4,"column":57}},{"start":{"line":4,"column":60},"end":{"line":4,"column":64}}],"line":4},"2":{"loc":{"start":{"line":5,"column":26},"end":{"line":5,"column":59}},"type":"cond-expr","locations":[{"start":{"line":5,"column":48},"end":{"line":5,"column":52}},{"start":{"line":5,"column":55},"end":{"line":5,"column":59}}],"line":5}},"s":{"0":3,"1":2,"2":2,"3":2,"4":2,"5":2,"6":2,"7":2},"f":{"0":2},"b":{"0":[1,1],"1":[1,1],"2":[1,1]},"_coverageSchema":"1a1c01bbd47fc00a2c39e90264f33305004495a9","hash":"3e045349af91780a59fb30db5c206f2ad11a9354"}
}
