{"C:\\Users\\ulisucksweinwer.DESKTOP-ACLRN6B\\Desktop\\School\\Fall 2023\\COSC_4353\\Group_App\\COSC4353-GroupProject\\backend\\index.js": {"path":"C:\\Users\\ulisucksweinwer.DESKTOP-ACLRN6B\\Desktop\\School\\Fall 2023\\COSC_4353\\Group_App\\COSC4353-GroupProject\\backend\\index.js","statementMap":{"0":{"start":{"line":1,"column":16},"end":{"line":1,"column":34}},"1":{"start":{"line":2,"column":12},"end":{"line":2,"column":21}},"2":{"start":{"line":3,"column":13},"end":{"line":3,"column":28}},"3":{"start":{"line":5,"column":0},"end":{"line":5,"column":16}},"4":{"start":{"line":6,"column":0},"end":{"line":6,"column":24}},"5":{"start":{"line":9,"column":19},"end":{"line":9,"column":49}},"6":{"start":{"line":11,"column":20},"end":{"line":11,"column":52}},"7":{"start":{"line":13,"column":24},"end":{"line":13,"column":59}},"8":{"start":{"line":16,"column":0},"end":{"line":16,"column":25}},"9":{"start":{"line":17,"column":0},"end":{"line":17,"column":26}},"10":{"start":{"line":18,"column":0},"end":{"line":18,"column":30}},"11":{"start":{"line":20,"column":13},"end":{"line":20,"column":17}},"12":{"start":{"line":21,"column":0},"end":{"line":23,"column":3}},"13":{"start":{"line":22,"column":2},"end":{"line":22,"column":48}},"14":{"start":{"line":25,"column":0},"end":{"line":25,"column":21}}},"fnMap":{"0":{"name":"(anonymous_0)","decl":{"start":{"line":21,"column":17},"end":{"line":21,"column":18}},"loc":{"start":{"line":21,"column":23},"end":{"line":23,"column":1}},"line":21}},"branchMap":{},"s":{"0":1,"1":1,"2":1,"3":1,"4":1,"5":1,"6":1,"7":1,"8":1,"9":1,"10":1,"11":1,"12":1,"13":1,"14":1},"f":{"0":1},"b":{},"_coverageSchema":"1a1c01bbd47fc00a2c39e90264f33305004495a9","hash":"27c8cf846622d36fba87f952670ef69e8fe447b2"}
,"C:\\Users\\ulisucksweinwer.DESKTOP-ACLRN6B\\Desktop\\School\\Fall 2023\\COSC_4353\\Group_App\\COSC4353-GroupProject\\backend\\data\\quoteHistoryData.js": {"path":"C:\\Users\\ulisucksweinwer.DESKTOP-ACLRN6B\\Desktop\\School\\Fall 2023\\COSC_4353\\Group_App\\COSC4353-GroupProject\\backend\\data\\quoteHistoryData.js","statementMap":{"0":{"start":{"line":1,"column":23},"end":{"line":52,"column":1}},"1":{"start":{"line":53,"column":0},"end":{"line":53,"column":34}}},"fnMap":{},"branchMap":{},"s":{"0":3,"1":3},"f":{},"b":{},"_coverageSchema":"1a1c01bbd47fc00a2c39e90264f33305004495a9","hash":"07dcc6d13c94ff4213951db77baf67f8c32d80c9"}
,"C:\\Users\\ulisucksweinwer.DESKTOP-ACLRN6B\\Desktop\\School\\Fall 2023\\COSC_4353\\Group_App\\COSC4353-GroupProject\\backend\\data\\states.js": {"path":"C:\\Users\\ulisucksweinwer.DESKTOP-ACLRN6B\\Desktop\\School\\Fall 2023\\COSC_4353\\Group_App\\COSC4353-GroupProject\\backend\\data\\states.js","statementMap":{"0":{"start":{"line":1,"column":25},"end":{"line":7,"column":1}}},"fnMap":{},"branchMap":{},"s":{"0":1},"f":{},"b":{},"_coverageSchema":"1a1c01bbd47fc00a2c39e90264f33305004495a9","hash":"58049161176f03bc92a63d5845425319af65a944"}
,"C:\\Users\\ulisucksweinwer.DESKTOP-ACLRN6B\\Desktop\\School\\Fall 2023\\COSC_4353\\Group_App\\COSC4353-GroupProject\\backend\\data\\usersData.js": {"path":"C:\\Users\\ulisucksweinwer.DESKTOP-ACLRN6B\\Desktop\\School\\Fall 2023\\COSC_4353\\Group_App\\COSC4353-GroupProject\\backend\\data\\usersData.js","statementMap":{"0":{"start":{"line":1,"column":12},"end":{"line":124,"column":1}},"1":{"start":{"line":126,"column":0},"end":{"line":126,"column":23}}},"fnMap":{},"branchMap":{},"s":{"0":1,"1":1},"f":{},"b":{},"_coverageSchema":"1a1c01bbd47fc00a2c39e90264f33305004495a9","hash":"602b72419f9e31a7f92e4daf0a06ef7a1c1359fb"}
,"C:\\Users\\ulisucksweinwer.DESKTOP-ACLRN6B\\Desktop\\School\\Fall 2023\\COSC_4353\\Group_App\\COSC4353-GroupProject\\backend\\routes\\profileSettings.js": {"path":"C:\\Users\\ulisucksweinwer.DESKTOP-ACLRN6B\\Desktop\\School\\Fall 2023\\COSC_4353\\Group_App\\COSC4353-GroupProject\\backend\\routes\\profileSettings.js","statementMap":{"0":{"start":{"line":1,"column":16},"end":{"line":1,"column":34}},"1":{"start":{"line":2,"column":15},"end":{"line":2,"column":32}},"2":{"start":{"line":3,"column":15},"end":{"line":3,"column":31}},"3":{"start":{"line":4,"column":14},"end":{"line":4,"column":42}},"4":{"start":{"line":5,"column":15},"end":{"line":5,"column":40}},"5":{"start":{"line":6,"column":12},"end":{"line":6,"column":35}},"6":{"start":{"line":7,"column":21},"end":{"line":7,"column":53}},"7":{"start":{"line":10,"column":0},"end":{"line":26,"column":3}},"8":{"start":{"line":11,"column":2},"end":{"line":25,"column":3}},"9":{"start":{"line":12,"column":18},"end":{"line":12,"column":42}},"10":{"start":{"line":13,"column":20},"end":{"line":13,"column":50}},"11":{"start":{"line":14,"column":19},"end":{"line":14,"column":33}},"12":{"start":{"line":15,"column":17},"end":{"line":15,"column":57}},"13":{"start":{"line":15,"column":38},"end":{"line":15,"column":56}},"14":{"start":{"line":16,"column":4},"end":{"line":16,"column":40}},"15":{"start":{"line":17,"column":4},"end":{"line":21,"column":5}},"16":{"start":{"line":18,"column":6},"end":{"line":18,"column":70}},"17":{"start":{"line":20,"column":6},"end":{"line":20,"column":62}},"18":{"start":{"line":23,"column":4},"end":{"line":23,"column":52}},"19":{"start":{"line":24,"column":4},"end":{"line":24,"column":68}},"20":{"start":{"line":29,"column":0},"end":{"line":125,"column":3}},"21":{"start":{"line":31,"column":18},"end":{"line":31,"column":42}},"22":{"start":{"line":32,"column":20},"end":{"line":32,"column":50}},"23":{"start":{"line":33,"column":19},"end":{"line":33,"column":33}},"24":{"start":{"line":35,"column":4},"end":{"line":124,"column":5}},"25":{"start":{"line":36,"column":26},"end":{"line":36,"column":71}},"26":{"start":{"line":36,"column":52},"end":{"line":36,"column":70}},"27":{"start":{"line":37,"column":110},"end":{"line":37,"column":115}},"28":{"start":{"line":38,"column":28},"end":{"line":38,"column":46}},"29":{"start":{"line":39,"column":32},"end":{"line":39,"column":95}},"30":{"start":{"line":40,"column":32},"end":{"line":40,"column":59}},"31":{"start":{"line":41,"column":28},"end":{"line":41,"column":47}},"32":{"start":{"line":42,"column":27},"end":{"line":42,"column":39}},"33":{"start":{"line":44,"column":8},"end":{"line":120,"column":9}},"34":{"start":{"line":45,"column":10},"end":{"line":45,"column":74}},"35":{"start":{"line":47,"column":25},"end":{"line":47,"column":41}},"36":{"start":{"line":49,"column":84},"end":{"line":49,"column":96}},"37":{"start":{"line":51,"column":12},"end":{"line":56,"column":13}},"38":{"start":{"line":52,"column":16},"end":{"line":52,"column":52}},"39":{"start":{"line":53,"column":16},"end":{"line":53,"column":91}},"40":{"start":{"line":55,"column":16},"end":{"line":55,"column":36}},"41":{"start":{"line":58,"column":12},"end":{"line":63,"column":13}},"42":{"start":{"line":59,"column":16},"end":{"line":59,"column":51}},"43":{"start":{"line":60,"column":16},"end":{"line":60,"column":91}},"44":{"start":{"line":62,"column":16},"end":{"line":62,"column":35}},"45":{"start":{"line":65,"column":12},"end":{"line":70,"column":13}},"46":{"start":{"line":66,"column":16},"end":{"line":66,"column":51}},"47":{"start":{"line":67,"column":16},"end":{"line":67,"column":90}},"48":{"start":{"line":69,"column":16},"end":{"line":69,"column":35}},"49":{"start":{"line":72,"column":12},"end":{"line":81,"column":13}},"50":{"start":{"line":73,"column":16},"end":{"line":73,"column":51}},"51":{"start":{"line":74,"column":16},"end":{"line":74,"column":90}},"52":{"start":{"line":76,"column":16},"end":{"line":79,"column":17}},"53":{"start":{"line":77,"column":20},"end":{"line":77,"column":56}},"54":{"start":{"line":78,"column":20},"end":{"line":78,"column":45}},"55":{"start":{"line":80,"column":16},"end":{"line":80,"column":35}},"56":{"start":{"line":83,"column":12},"end":{"line":88,"column":13}},"57":{"start":{"line":84,"column":16},"end":{"line":84,"column":47}},"58":{"start":{"line":85,"column":16},"end":{"line":85,"column":85}},"59":{"start":{"line":87,"column":16},"end":{"line":87,"column":35}},"60":{"start":{"line":90,"column":12},"end":{"line":92,"column":13}},"61":{"start":{"line":91,"column":16},"end":{"line":91,"column":36}},"62":{"start":{"line":94,"column":12},"end":{"line":99,"column":13}},"63":{"start":{"line":95,"column":16},"end":{"line":95,"column":50}},"64":{"start":{"line":96,"column":16},"end":{"line":96,"column":89}},"65":{"start":{"line":98,"column":16},"end":{"line":98,"column":34}},"66":{"start":{"line":101,"column":12},"end":{"line":119,"column":13}},"67":{"start":{"line":102,"column":16},"end":{"line":102,"column":104}},"68":{"start":{"line":104,"column":16},"end":{"line":104,"column":52}},"69":{"start":{"line":106,"column":16},"end":{"line":106,"column":43}},"70":{"start":{"line":107,"column":16},"end":{"line":107,"column":41}},"71":{"start":{"line":108,"column":16},"end":{"line":108,"column":41}},"72":{"start":{"line":109,"column":16},"end":{"line":109,"column":41}},"73":{"start":{"line":110,"column":16},"end":{"line":110,"column":33}},"74":{"start":{"line":111,"column":16},"end":{"line":111,"column":35}},"75":{"start":{"line":112,"column":16},"end":{"line":112,"column":35}},"76":{"start":{"line":113,"column":16},"end":{"line":113,"column":46}},"77":{"start":{"line":115,"column":16},"end":{"line":115,"column":63}},"78":{"start":{"line":118,"column":16},"end":{"line":118,"column":120}},"79":{"start":{"line":122,"column":8},"end":{"line":122,"column":57}},"80":{"start":{"line":123,"column":8},"end":{"line":123,"column":70}},"81":{"start":{"line":128,"column":0},"end":{"line":229,"column":3}},"82":{"start":{"line":130,"column":16},"end":{"line":130,"column":40}},"83":{"start":{"line":131,"column":18},"end":{"line":131,"column":48}},"84":{"start":{"line":132,"column":17},"end":{"line":132,"column":31}},"85":{"start":{"line":134,"column":2},"end":{"line":228,"column":3}},"86":{"start":{"line":135,"column":22},"end":{"line":135,"column":67}},"87":{"start":{"line":135,"column":48},"end":{"line":135,"column":66}},"88":{"start":{"line":137,"column":4},"end":{"line":224,"column":5}},"89":{"start":{"line":138,"column":6},"end":{"line":138,"column":70}},"90":{"start":{"line":140,"column":19},"end":{"line":140,"column":35}},"91":{"start":{"line":142,"column":18},"end":{"line":142,"column":36}},"92":{"start":{"line":143,"column":30},"end":{"line":143,"column":51}},"93":{"start":{"line":144,"column":27},"end":{"line":144,"column":29}},"94":{"start":{"line":145,"column":25},"end":{"line":145,"column":30}},"95":{"start":{"line":146,"column":28},"end":{"line":146,"column":33}},"96":{"start":{"line":147,"column":20},"end":{"line":147,"column":22}},"97":{"start":{"line":150,"column":6},"end":{"line":172,"column":7}},"98":{"start":{"line":151,"column":8},"end":{"line":151,"column":58}},"99":{"start":{"line":152,"column":8},"end":{"line":155,"column":13}},"100":{"start":{"line":156,"column":13},"end":{"line":172,"column":7}},"101":{"start":{"line":157,"column":29},"end":{"line":157,"column":78}},"102":{"start":{"line":158,"column":8},"end":{"line":167,"column":9}},"103":{"start":{"line":159,"column":10},"end":{"line":159,"column":53}},"104":{"start":{"line":160,"column":10},"end":{"line":160,"column":80}},"105":{"start":{"line":161,"column":15},"end":{"line":167,"column":9}},"106":{"start":{"line":162,"column":10},"end":{"line":162,"column":72}},"107":{"start":{"line":163,"column":10},"end":{"line":163,"column":102}},"108":{"start":{"line":165,"column":10},"end":{"line":165,"column":44}},"109":{"start":{"line":166,"column":10},"end":{"line":166,"column":30}},"110":{"start":{"line":169,"column":8},"end":{"line":169,"column":27}},"111":{"start":{"line":170,"column":8},"end":{"line":170,"column":40}},"112":{"start":{"line":171,"column":8},"end":{"line":171,"column":28}},"113":{"start":{"line":175,"column":6},"end":{"line":206,"column":7}},"114":{"start":{"line":176,"column":8},"end":{"line":200,"column":9}},"115":{"start":{"line":177,"column":32},"end":{"line":185,"column":12}},"116":{"start":{"line":178,"column":12},"end":{"line":184,"column":15}},"117":{"start":{"line":179,"column":14},"end":{"line":183,"column":15}},"118":{"start":{"line":180,"column":16},"end":{"line":180,"column":28}},"119":{"start":{"line":182,"column":16},"end":{"line":182,"column":32}},"120":{"start":{"line":187,"column":10},"end":{"line":196,"column":11}},"121":{"start":{"line":188,"column":12},"end":{"line":188,"column":80}},"122":{"start":{"line":189,"column":12},"end":{"line":191,"column":17}},"123":{"start":{"line":193,"column":12},"end":{"line":193,"column":74}},"124":{"start":{"line":194,"column":12},"end":{"line":194,"column":58}},"125":{"start":{"line":195,"column":12},"end":{"line":195,"column":35}},"126":{"start":{"line":198,"column":10},"end":{"line":198,"column":55}},"127":{"start":{"line":199,"column":10},"end":{"line":199,"column":82}},"128":{"start":{"line":202,"column":8},"end":{"line":202,"column":39}},"129":{"start":{"line":203,"column":8},"end":{"line":203,"column":43}},"130":{"start":{"line":204,"column":8},"end":{"line":204,"column":63}},"131":{"start":{"line":205,"column":8},"end":{"line":205,"column":31}},"132":{"start":{"line":208,"column":6},"end":{"line":223,"column":7}},"133":{"start":{"line":210,"column":8},"end":{"line":210,"column":52}},"134":{"start":{"line":211,"column":8},"end":{"line":211,"column":58}},"135":{"start":{"line":213,"column":8},"end":{"line":213,"column":27}},"136":{"start":{"line":214,"column":8},"end":{"line":214,"column":39}},"137":{"start":{"line":216,"column":8},"end":{"line":216,"column":48}},"138":{"start":{"line":217,"column":8},"end":{"line":217,"column":54}},"139":{"start":{"line":220,"column":8},"end":{"line":220,"column":88}},"140":{"start":{"line":222,"column":8},"end":{"line":222,"column":54}},"141":{"start":{"line":226,"column":4},"end":{"line":226,"column":53}},"142":{"start":{"line":227,"column":4},"end":{"line":227,"column":68}},"143":{"start":{"line":231,"column":0},"end":{"line":231,"column":24}}},"fnMap":{"0":{"name":"(anonymous_0)","decl":{"start":{"line":10,"column":27},"end":{"line":10,"column":28}},"loc":{"start":{"line":10,"column":50},"end":{"line":26,"column":1}},"line":10},"1":{"name":"(anonymous_1)","decl":{"start":{"line":15,"column":28},"end":{"line":15,"column":29}},"loc":{"start":{"line":15,"column":38},"end":{"line":15,"column":56}},"line":15},"2":{"name":"(anonymous_2)","decl":{"start":{"line":29,"column":39},"end":{"line":29,"column":40}},"loc":{"start":{"line":29,"column":68},"end":{"line":125,"column":1}},"line":29},"3":{"name":"(anonymous_3)","decl":{"start":{"line":36,"column":42},"end":{"line":36,"column":43}},"loc":{"start":{"line":36,"column":52},"end":{"line":36,"column":70}},"line":36},"4":{"name":"(anonymous_4)","decl":{"start":{"line":128,"column":39},"end":{"line":128,"column":40}},"loc":{"start":{"line":128,"column":68},"end":{"line":229,"column":1}},"line":128},"5":{"name":"(anonymous_5)","decl":{"start":{"line":135,"column":38},"end":{"line":135,"column":39}},"loc":{"start":{"line":135,"column":48},"end":{"line":135,"column":66}},"line":135},"6":{"name":"(anonymous_6)","decl":{"start":{"line":177,"column":50},"end":{"line":177,"column":51}},"loc":{"start":{"line":177,"column":71},"end":{"line":185,"column":11}},"line":177},"7":{"name":"(anonymous_7)","decl":{"start":{"line":178,"column":59},"end":{"line":178,"column":60}},"loc":{"start":{"line":178,"column":76},"end":{"line":184,"column":13}},"line":178}},"branchMap":{"0":{"loc":{"start":{"line":17,"column":4},"end":{"line":21,"column":5}},"type":"if","locations":[{"start":{"line":17,"column":4},"end":{"line":21,"column":5}},{"start":{"line":19,"column":11},"end":{"line":21,"column":5}}],"line":17},"1":{"loc":{"start":{"line":44,"column":8},"end":{"line":120,"column":9}},"type":"if","locations":[{"start":{"line":44,"column":8},"end":{"line":120,"column":9}},{"start":{"line":46,"column":15},"end":{"line":120,"column":9}}],"line":44},"2":{"loc":{"start":{"line":51,"column":12},"end":{"line":56,"column":13}},"type":"if","locations":[{"start":{"line":51,"column":12},"end":{"line":56,"column":13}},{"start":{"line":54,"column":19},"end":{"line":56,"column":13}}],"line":51},"3":{"loc":{"start":{"line":51,"column":16},"end":{"line":51,"column":64}},"type":"binary-expr","locations":[{"start":{"line":51,"column":16},"end":{"line":51,"column":44}},{"start":{"line":51,"column":48},"end":{"line":51,"column":64}}],"line":51},"4":{"loc":{"start":{"line":58,"column":12},"end":{"line":63,"column":13}},"type":"if","locations":[{"start":{"line":58,"column":12},"end":{"line":63,"column":13}},{"start":{"line":61,"column":19},"end":{"line":63,"column":13}}],"line":58},"5":{"loc":{"start":{"line":58,"column":16},"end":{"line":58,"column":62}},"type":"binary-expr","locations":[{"start":{"line":58,"column":16},"end":{"line":58,"column":43}},{"start":{"line":58,"column":47},"end":{"line":58,"column":62}}],"line":58},"6":{"loc":{"start":{"line":65,"column":12},"end":{"line":70,"column":13}},"type":"if","locations":[{"start":{"line":65,"column":12},"end":{"line":70,"column":13}},{"start":{"line":68,"column":19},"end":{"line":70,"column":13}}],"line":65},"7":{"loc":{"start":{"line":65,"column":16},"end":{"line":65,"column":66}},"type":"binary-expr","locations":[{"start":{"line":65,"column":16},"end":{"line":65,"column":47}},{"start":{"line":65,"column":51},"end":{"line":65,"column":66}}],"line":65},"8":{"loc":{"start":{"line":72,"column":12},"end":{"line":81,"column":13}},"type":"if","locations":[{"start":{"line":72,"column":12},"end":{"line":81,"column":13}},{"start":{"line":75,"column":19},"end":{"line":81,"column":13}}],"line":72},"9":{"loc":{"start":{"line":72,"column":16},"end":{"line":72,"column":66}},"type":"binary-expr","locations":[{"start":{"line":72,"column":16},"end":{"line":72,"column":47}},{"start":{"line":72,"column":51},"end":{"line":72,"column":66}}],"line":72},"10":{"loc":{"start":{"line":76,"column":16},"end":{"line":79,"column":17}},"type":"if","locations":[{"start":{"line":76,"column":16},"end":{"line":79,"column":17}},{"start":{},"end":{}}],"line":76},"11":{"loc":{"start":{"line":83,"column":12},"end":{"line":88,"column":13}},"type":"if","locations":[{"start":{"line":83,"column":12},"end":{"line":88,"column":13}},{"start":{"line":86,"column":19},"end":{"line":88,"column":13}}],"line":83},"12":{"loc":{"start":{"line":83,"column":16},"end":{"line":83,"column":54}},"type":"binary-expr","locations":[{"start":{"line":83,"column":16},"end":{"line":83,"column":39}},{"start":{"line":83,"column":43},"end":{"line":83,"column":54}}],"line":83},"13":{"loc":{"start":{"line":90,"column":12},"end":{"line":92,"column":13}},"type":"if","locations":[{"start":{"line":90,"column":12},"end":{"line":92,"column":13}},{"start":{},"end":{}}],"line":90},"14":{"loc":{"start":{"line":94,"column":12},"end":{"line":99,"column":13}},"type":"if","locations":[{"start":{"line":94,"column":12},"end":{"line":99,"column":13}},{"start":{"line":97,"column":19},"end":{"line":99,"column":13}}],"line":94},"15":{"loc":{"start":{"line":94,"column":16},"end":{"line":94,"column":59}},"type":"binary-expr","locations":[{"start":{"line":94,"column":16},"end":{"line":94,"column":41}},{"start":{"line":94,"column":45},"end":{"line":94,"column":59}}],"line":94},"16":{"loc":{"start":{"line":101,"column":12},"end":{"line":119,"column":13}},"type":"if","locations":[{"start":{"line":101,"column":12},"end":{"line":119,"column":13}},{"start":{"line":103,"column":19},"end":{"line":119,"column":13}}],"line":101},"17":{"loc":{"start":{"line":101,"column":16},"end":{"line":101,"column":125}},"type":"binary-expr","locations":[{"start":{"line":101,"column":16},"end":{"line":101,"column":29}},{"start":{"line":101,"column":33},"end":{"line":101,"column":45}},{"start":{"line":101,"column":49},"end":{"line":101,"column":61}},{"start":{"line":101,"column":65},"end":{"line":101,"column":77}},{"start":{"line":101,"column":81},"end":{"line":101,"column":93}},{"start":{"line":101,"column":97},"end":{"line":101,"column":110}},{"start":{"line":101,"column":114},"end":{"line":101,"column":125}}],"line":101},"18":{"loc":{"start":{"line":137,"column":4},"end":{"line":224,"column":5}},"type":"if","locations":[{"start":{"line":137,"column":4},"end":{"line":224,"column":5}},{"start":{"line":139,"column":11},"end":{"line":224,"column":5}}],"line":137},"19":{"loc":{"start":{"line":150,"column":6},"end":{"line":172,"column":7}},"type":"if","locations":[{"start":{"line":150,"column":6},"end":{"line":172,"column":7}},{"start":{"line":156,"column":13},"end":{"line":172,"column":7}}],"line":150},"20":{"loc":{"start":{"line":150,"column":10},"end":{"line":150,"column":36}},"type":"binary-expr","locations":[{"start":{"line":150,"column":10},"end":{"line":150,"column":16}},{"start":{"line":150,"column":20},"end":{"line":150,"column":36}}],"line":150},"21":{"loc":{"start":{"line":156,"column":13},"end":{"line":172,"column":7}},"type":"if","locations":[{"start":{"line":156,"column":13},"end":{"line":172,"column":7}},{"start":{"line":168,"column":13},"end":{"line":172,"column":7}}],"line":156},"22":{"loc":{"start":{"line":158,"column":8},"end":{"line":167,"column":9}},"type":"if","locations":[{"start":{"line":158,"column":8},"end":{"line":167,"column":9}},{"start":{"line":161,"column":15},"end":{"line":167,"column":9}}],"line":158},"23":{"loc":{"start":{"line":161,"column":15},"end":{"line":167,"column":9}},"type":"if","locations":[{"start":{"line":161,"column":15},"end":{"line":167,"column":9}},{"start":{"line":164,"column":15},"end":{"line":167,"column":9}}],"line":161},"24":{"loc":{"start":{"line":175,"column":6},"end":{"line":206,"column":7}},"type":"if","locations":[{"start":{"line":175,"column":6},"end":{"line":206,"column":7}},{"start":{"line":201,"column":13},"end":{"line":206,"column":7}}],"line":175},"25":{"loc":{"start":{"line":179,"column":14},"end":{"line":183,"column":15}},"type":"if","locations":[{"start":{"line":179,"column":14},"end":{"line":183,"column":15}},{"start":{"line":181,"column":21},"end":{"line":183,"column":15}}],"line":179},"26":{"loc":{"start":{"line":187,"column":10},"end":{"line":196,"column":11}},"type":"if","locations":[{"start":{"line":187,"column":10},"end":{"line":196,"column":11}},{"start":{"line":192,"column":17},"end":{"line":196,"column":11}}],"line":187},"27":{"loc":{"start":{"line":208,"column":6},"end":{"line":223,"column":7}},"type":"if","locations":[{"start":{"line":208,"column":6},"end":{"line":223,"column":7}},{"start":{"line":221,"column":13},"end":{"line":223,"column":7}}],"line":208},"28":{"loc":{"start":{"line":208,"column":10},"end":{"line":208,"column":41}},"type":"binary-expr","locations":[{"start":{"line":208,"column":10},"end":{"line":208,"column":22}},{"start":{"line":208,"column":26},"end":{"line":208,"column":41}}],"line":208}},"s":{"0":1,"1":1,"2":1,"3":1,"4":1,"5":1,"6":1,"7":1,"8":0,"9":0,"10":0,"11":0,"12":0,"13":0,"14":0,"15":0,"16":0,"17":0,"18":0,"19":0,"20":1,"21":0,"22":0,"23":0,"24":0,"25":0,"26":0,"27":0,"28":0,"29":0,"30":0,"31":0,"32":0,"33":0,"34":0,"35":0,"36":0,"37":0,"38":0,"39":0,"40":0,"41":0,"42":0,"43":0,"44":0,"45":0,"46":0,"47":0,"48":0,"49":0,"50":0,"51":0,"52":0,"53":0,"54":0,"55":0,"56":0,"57":0,"58":0,"59":0,"60":0,"61":0,"62":0,"63":0,"64":0,"65":0,"66":0,"67":0,"68":0,"69":0,"70":0,"71":0,"72":0,"73":0,"74":0,"75":0,"76":0,"77":0,"78":0,"79":0,"80":0,"81":1,"82":0,"83":0,"84":0,"85":0,"86":0,"87":0,"88":0,"89":0,"90":0,"91":0,"92":0,"93":0,"94":0,"95":0,"96":0,"97":0,"98":0,"99":0,"100":0,"101":0,"102":0,"103":0,"104":0,"105":0,"106":0,"107":0,"108":0,"109":0,"110":0,"111":0,"112":0,"113":0,"114":0,"115":0,"116":0,"117":0,"118":0,"119":0,"120":0,"121":0,"122":0,"123":0,"124":0,"125":0,"126":0,"127":0,"128":0,"129":0,"130":0,"131":0,"132":0,"133":0,"134":0,"135":0,"136":0,"137":0,"138":0,"139":0,"140":0,"141":0,"142":0,"143":1},"f":{"0":0,"1":0,"2":0,"3":0,"4":0,"5":0,"6":0,"7":0},"b":{"0":[0,0],"1":[0,0],"2":[0,0],"3":[0,0],"4":[0,0],"5":[0,0],"6":[0,0],"7":[0,0],"8":[0,0],"9":[0,0],"10":[0,0],"11":[0,0],"12":[0,0],"13":[0,0],"14":[0,0],"15":[0,0],"16":[0,0],"17":[0,0,0,0,0,0,0],"18":[0,0],"19":[0,0],"20":[0,0],"21":[0,0],"22":[0,0],"23":[0,0],"24":[0,0],"25":[0,0],"26":[0,0],"27":[0,0],"28":[0,0]},"_coverageSchema":"1a1c01bbd47fc00a2c39e90264f33305004495a9","hash":"dbc6a7a08e36e6dd16d3b5ba6387a8b835586791"}
,"C:\\Users\\ulisucksweinwer.DESKTOP-ACLRN6B\\Desktop\\School\\Fall 2023\\COSC_4353\\Group_App\\COSC4353-GroupProject\\backend\\routes\\quoteHistory.js": {"path":"C:\\Users\\ulisucksweinwer.DESKTOP-ACLRN6B\\Desktop\\School\\Fall 2023\\COSC_4353\\Group_App\\COSC4353-GroupProject\\backend\\routes\\quoteHistory.js","statementMap":{"0":{"start":{"line":1,"column":16},"end":{"line":1,"column":34}},"1":{"start":{"line":2,"column":15},"end":{"line":2,"column":31}},"2":{"start":{"line":3,"column":25},"end":{"line":3,"column":60}},"3":{"start":{"line":4,"column":12},"end":{"line":4,"column":35}},"4":{"start":{"line":9,"column":0},"end":{"line":11,"column":3}},"5":{"start":{"line":10,"column":2},"end":{"line":10,"column":34}},"6":{"start":{"line":14,"column":0},"end":{"line":21,"column":3}},"7":{"start":{"line":15,"column":16},"end":{"line":15,"column":40}},"8":{"start":{"line":16,"column":18},"end":{"line":16,"column":48}},"9":{"start":{"line":17,"column":17},"end":{"line":17,"column":31}},"10":{"start":{"line":19,"column":17},"end":{"line":19,"column":76}},"11":{"start":{"line":19,"column":52},"end":{"line":19,"column":75}},"12":{"start":{"line":20,"column":2},"end":{"line":20,"column":24}},"13":{"start":{"line":23,"column":0},"end":{"line":45,"column":3}},"14":{"start":{"line":24,"column":15},"end":{"line":24,"column":27}},"15":{"start":{"line":25,"column":16},"end":{"line":25,"column":40}},"16":{"start":{"line":26,"column":18},"end":{"line":26,"column":48}},"17":{"start":{"line":27,"column":17},"end":{"line":27,"column":31}},"18":{"start":{"line":29,"column":16},"end":{"line":29,"column":26}},"19":{"start":{"line":30,"column":15},"end":{"line":30,"column":34}},"20":{"start":{"line":31,"column":16},"end":{"line":31,"column":36}},"21":{"start":{"line":32,"column":14},"end":{"line":32,"column":29}},"22":{"start":{"line":33,"column":24},"end":{"line":33,"column":49}},"23":{"start":{"line":35,"column":2},"end":{"line":35,"column":20}},"24":{"start":{"line":37,"column":16},"end":{"line":42,"column":3}},"25":{"start":{"line":43,"column":2},"end":{"line":43,"column":31}},"26":{"start":{"line":44,"column":2},"end":{"line":44,"column":69}},"27":{"start":{"line":47,"column":0},"end":{"line":47,"column":24}}},"fnMap":{"0":{"name":"(anonymous_0)","decl":{"start":{"line":9,"column":26},"end":{"line":9,"column":27}},"loc":{"start":{"line":9,"column":49},"end":{"line":11,"column":1}},"line":9},"1":{"name":"(anonymous_1)","decl":{"start":{"line":14,"column":31},"end":{"line":14,"column":32}},"loc":{"start":{"line":14,"column":54},"end":{"line":21,"column":1}},"line":14},"2":{"name":"(anonymous_2)","decl":{"start":{"line":19,"column":41},"end":{"line":19,"column":42}},"loc":{"start":{"line":19,"column":52},"end":{"line":19,"column":75}},"line":19},"3":{"name":"(anonymous_3)","decl":{"start":{"line":23,"column":27},"end":{"line":23,"column":28}},"loc":{"start":{"line":23,"column":50},"end":{"line":45,"column":1}},"line":23}},"branchMap":{},"s":{"0":1,"1":1,"2":1,"3":1,"4":1,"5":0,"6":1,"7":0,"8":0,"9":0,"10":0,"11":0,"12":0,"13":1,"14":0,"15":0,"16":0,"17":0,"18":0,"19":0,"20":0,"21":0,"22":0,"23":0,"24":0,"25":0,"26":0,"27":1},"f":{"0":0,"1":0,"2":0,"3":0},"b":{},"_coverageSchema":"1a1c01bbd47fc00a2c39e90264f33305004495a9","hash":"f5178e71865a8844d04a44190bc16afded7ec3da"}
,"C:\\Users\\ulisucksweinwer.DESKTOP-ACLRN6B\\Desktop\\School\\Fall 2023\\COSC_4353\\Group_App\\COSC4353-GroupProject\\backend\\routes\\userRoutes.js": {"path":"C:\\Users\\ulisucksweinwer.DESKTOP-ACLRN6B\\Desktop\\School\\Fall 2023\\COSC_4353\\Group_App\\COSC4353-GroupProject\\backend\\routes\\userRoutes.js","statementMap":{"0":{"start":{"line":1,"column":16},"end":{"line":1,"column":34}},"1":{"start":{"line":2,"column":15},"end":{"line":2,"column":32}},"2":{"start":{"line":3,"column":15},"end":{"line":3,"column":31}},"3":{"start":{"line":4,"column":12},"end":{"line":4,"column":35}},"4":{"start":{"line":5,"column":14},"end":{"line":5,"column":42}},"5":{"start":{"line":6,"column":27},"end":{"line":6,"column":59}},"6":{"start":{"line":7,"column":15},"end":{"line":7,"column":42}},"7":{"start":{"line":10,"column":0},"end":{"line":36,"column":3}},"8":{"start":{"line":11,"column":19},"end":{"line":11,"column":40}},"9":{"start":{"line":12,"column":26},"end":{"line":12,"column":47}},"10":{"start":{"line":13,"column":15},"end":{"line":13,"column":63}},"11":{"start":{"line":13,"column":36},"end":{"line":13,"column":62}},"12":{"start":{"line":15,"column":2},"end":{"line":17,"column":3}},"13":{"start":{"line":16,"column":4},"end":{"line":16,"column":68}},"14":{"start":{"line":19,"column":2},"end":{"line":35,"column":5}},"15":{"start":{"line":20,"column":4},"end":{"line":22,"column":5}},"16":{"start":{"line":21,"column":6},"end":{"line":21,"column":77}},"17":{"start":{"line":23,"column":4},"end":{"line":34,"column":5}},"18":{"start":{"line":24,"column":18},"end":{"line":26,"column":8}},"19":{"start":{"line":27,"column":6},"end":{"line":31,"column":9}},"20":{"start":{"line":33,"column":6},"end":{"line":33,"column":70}},"21":{"start":{"line":39,"column":0},"end":{"line":52,"column":3}},"22":{"start":{"line":40,"column":2},"end":{"line":51,"column":3}},"23":{"start":{"line":41,"column":18},"end":{"line":41,"column":42}},"24":{"start":{"line":42,"column":20},"end":{"line":42,"column":50}},"25":{"start":{"line":43,"column":19},"end":{"line":43,"column":33}},"26":{"start":{"line":44,"column":17},"end":{"line":44,"column":57}},"27":{"start":{"line":44,"column":38},"end":{"line":44,"column":56}},"28":{"start":{"line":45,"column":4},"end":{"line":47,"column":5}},"29":{"start":{"line":46,"column":6},"end":{"line":46,"column":70}},"30":{"start":{"line":48,"column":4},"end":{"line":48,"column":24}},"31":{"start":{"line":50,"column":4},"end":{"line":50,"column":66}},"32":{"start":{"line":55,"column":0},"end":{"line":82,"column":3}},"33":{"start":{"line":56,"column":16},"end":{"line":56,"column":74}},"34":{"start":{"line":56,"column":64},"end":{"line":56,"column":68}},"35":{"start":{"line":57,"column":15},"end":{"line":57,"column":27}},"36":{"start":{"line":58,"column":21},"end":{"line":58,"column":74}},"37":{"start":{"line":58,"column":42},"end":{"line":58,"column":73}},"38":{"start":{"line":60,"column":2},"end":{"line":81,"column":3}},"39":{"start":{"line":61,"column":4},"end":{"line":61,"column":66}},"40":{"start":{"line":63,"column":27},"end":{"line":63,"column":63}},"41":{"start":{"line":64,"column":4},"end":{"line":64,"column":32}},"42":{"start":{"line":65,"column":17},"end":{"line":78,"column":5}},"43":{"start":{"line":79,"column":4},"end":{"line":79,"column":21}},"44":{"start":{"line":80,"column":4},"end":{"line":80,"column":70}},"45":{"start":{"line":84,"column":0},"end":{"line":84,"column":24}}},"fnMap":{"0":{"name":"(anonymous_0)","decl":{"start":{"line":10,"column":26},"end":{"line":10,"column":27}},"loc":{"start":{"line":10,"column":49},"end":{"line":36,"column":1}},"line":10},"1":{"name":"(anonymous_1)","decl":{"start":{"line":13,"column":26},"end":{"line":13,"column":27}},"loc":{"start":{"line":13,"column":36},"end":{"line":13,"column":62}},"line":13},"2":{"name":"(anonymous_2)","decl":{"start":{"line":19,"column":49},"end":{"line":19,"column":50}},"loc":{"start":{"line":19,"column":66},"end":{"line":35,"column":3}},"line":19},"3":{"name":"(anonymous_3)","decl":{"start":{"line":39,"column":38},"end":{"line":39,"column":39}},"loc":{"start":{"line":39,"column":61},"end":{"line":52,"column":1}},"line":39},"4":{"name":"(anonymous_4)","decl":{"start":{"line":44,"column":28},"end":{"line":44,"column":29}},"loc":{"start":{"line":44,"column":38},"end":{"line":44,"column":56}},"line":44},"5":{"name":"(anonymous_5)","decl":{"start":{"line":55,"column":26},"end":{"line":55,"column":27}},"loc":{"start":{"line":55,"column":55},"end":{"line":82,"column":1}},"line":55},"6":{"name":"(anonymous_6)","decl":{"start":{"line":56,"column":57},"end":{"line":56,"column":58}},"loc":{"start":{"line":56,"column":64},"end":{"line":56,"column":68}},"line":56},"7":{"name":"(anonymous_7)","decl":{"start":{"line":58,"column":32},"end":{"line":58,"column":33}},"loc":{"start":{"line":58,"column":42},"end":{"line":58,"column":73}},"line":58}},"branchMap":{"0":{"loc":{"start":{"line":15,"column":2},"end":{"line":17,"column":3}},"type":"if","locations":[{"start":{"line":15,"column":2},"end":{"line":17,"column":3}},{"start":{},"end":{}}],"line":15},"1":{"loc":{"start":{"line":20,"column":4},"end":{"line":22,"column":5}},"type":"if","locations":[{"start":{"line":20,"column":4},"end":{"line":22,"column":5}},{"start":{},"end":{}}],"line":20},"2":{"loc":{"start":{"line":23,"column":4},"end":{"line":34,"column":5}},"type":"if","locations":[{"start":{"line":23,"column":4},"end":{"line":34,"column":5}},{"start":{"line":32,"column":11},"end":{"line":34,"column":5}}],"line":23},"3":{"loc":{"start":{"line":45,"column":4},"end":{"line":47,"column":5}},"type":"if","locations":[{"start":{"line":45,"column":4},"end":{"line":47,"column":5}},{"start":{},"end":{}}],"line":45},"4":{"loc":{"start":{"line":56,"column":16},"end":{"line":56,"column":74}},"type":"cond-expr","locations":[{"start":{"line":56,"column":35},"end":{"line":56,"column":70}},{"start":{"line":56,"column":73},"end":{"line":56,"column":74}}],"line":56},"5":{"loc":{"start":{"line":60,"column":2},"end":{"line":81,"column":3}},"type":"if","locations":[{"start":{"line":60,"column":2},"end":{"line":81,"column":3}},{"start":{"line":62,"column":9},"end":{"line":81,"column":3}}],"line":60}},"s":{"0":1,"1":1,"2":1,"3":1,"4":1,"5":1,"6":1,"7":1,"8":2,"9":2,"10":2,"11":12,"12":2,"13":1,"14":1,"15":1,"16":0,"17":1,"18":1,"19":1,"20":0,"21":1,"22":2,"23":2,"24":2,"25":2,"26":2,"27":12,"28":2,"29":1,"30":1,"31":0,"32":1,"33":2,"34":24,"35":2,"36":2,"37":24,"38":2,"39":1,"40":1,"41":1,"42":1,"43":1,"44":1,"45":1},"f":{"0":2,"1":12,"2":1,"3":2,"4":12,"5":2,"6":24,"7":24},"b":{"0":[1,1],"1":[0,1],"2":[1,0],"3":[1,1],"4":[2,0],"5":[1,1]},"_coverageSchema":"1a1c01bbd47fc00a2c39e90264f33305004495a9","hash":"6d2ce98709f40aaa54071301bd53892ffe6ae357"}
,"C:\\Users\\ulisucksweinwer.DESKTOP-ACLRN6B\\Desktop\\School\\Fall 2023\\COSC_4353\\Group_App\\COSC4353-GroupProject\\backend\\services\\basicAuth.js": {"path":"C:\\Users\\ulisucksweinwer.DESKTOP-ACLRN6B\\Desktop\\School\\Fall 2023\\COSC_4353\\Group_App\\COSC4353-GroupProject\\backend\\services\\basicAuth.js","statementMap":{"0":{"start":{"line":1,"column":12},"end":{"line":1,"column":35}},"1":{"start":{"line":3,"column":0},"end":{"line":19,"column":2}},"2":{"start":{"line":4,"column":16},"end":{"line":4,"column":33}},"3":{"start":{"line":5,"column":2},"end":{"line":5,"column":32}},"4":{"start":{"line":7,"column":14},"end":{"line":7,"column":19}},"5":{"start":{"line":8,"column":2},"end":{"line":12,"column":5}},"6":{"start":{"line":9,"column":4},"end":{"line":11,"column":5}},"7":{"start":{"line":10,"column":6},"end":{"line":10,"column":19}},"8":{"start":{"line":13,"column":2},"end":{"line":17,"column":3}},"9":{"start":{"line":14,"column":4},"end":{"line":16,"column":7}},"10":{"start":{"line":18,"column":2},"end":{"line":18,"column":9}}},"fnMap":{"0":{"name":"(anonymous_0)","decl":{"start":{"line":3,"column":26},"end":{"line":3,"column":27}},"loc":{"start":{"line":3,"column":46},"end":{"line":19,"column":1}},"line":3},"1":{"name":"(anonymous_1)","decl":{"start":{"line":8,"column":33},"end":{"line":8,"column":34}},"loc":{"start":{"line":8,"column":51},"end":{"line":12,"column":3}},"line":8}},"branchMap":{"0":{"loc":{"start":{"line":9,"column":4},"end":{"line":11,"column":5}},"type":"if","locations":[{"start":{"line":9,"column":4},"end":{"line":11,"column":5}},{"start":{},"end":{}}],"line":9},"1":{"loc":{"start":{"line":13,"column":2},"end":{"line":17,"column":3}},"type":"if","locations":[{"start":{"line":13,"column":2},"end":{"line":17,"column":3}},{"start":{},"end":{}}],"line":13}},"s":{"0":1,"1":1,"2":2,"3":2,"4":2,"5":2,"6":2,"7":0,"8":2,"9":0,"10":2},"f":{"0":2,"1":2},"b":{"0":[0,2],"1":[0,2]},"_coverageSchema":"1a1c01bbd47fc00a2c39e90264f33305004495a9","hash":"cf7b1d64842a59c79d7e24481288218bd2b3afa0"}
}
