TN:
SF:index.js
FN:25,(anonymous_0)
FN:28,(anonymous_1)
FN:33,(anonymous_2)
FNF:3
FNH:2
FNDA:2,(anonymous_0)
FNDA:0,(anonymous_1)
FNDA:1,(anonymous_2)
DA:1,2
DA:2,2
DA:3,2
DA:4,2
DA:6,2
DA:7,2
DA:10,2
DA:12,2
DA:14,2
DA:17,2
DA:18,2
DA:19,2
DA:21,2
DA:23,2
DA:26,2
DA:29,0
DA:32,2
DA:33,2
DA:34,1
DA:37,2
LF:20
LH:19
BRF:0
BRH:0
end_of_record
TN:
SF:models\userSchemas.js
FNF:0
FNH:0
DA:1,4
DA:2,4
DA:3,4
DA:6,4
DA:26,4
DA:28,4
DA:65,4
DA:68,4
DA:78,4
DA:80,4
LF:10
LH:10
BRF:0
BRH:0
end_of_record
TN:
SF:routes\profileSettings.js
FN:62,(anonymous_0)
FN:101,(anonymous_1)
FN:266,(anonymous_2)
FN:318,(anonymous_3)
FN:322,(anonymous_4)
FNF:5
FNH:5
FNDA:5,(anonymous_0)
FNDA:8,(anonymous_1)
FNDA:6,(anonymous_2)
FNDA:2,(anonymous_3)
FNDA:2,(anonymous_4)
DA:1,2
DA:2,2
DA:3,2
DA:4,2
DA:5,2
DA:6,2
DA:8,2
DA:62,2
DA:63,5
DA:64,5
DA:65,5
DA:66,2
DA:68,2
DA:70,2
DA:71,1
DA:72,1
DA:74,1
DA:78,1
DA:79,1
DA:80,1
DA:84,0
DA:85,0
DA:95,3
DA:96,3
DA:101,2
DA:103,8
DA:104,8
DA:105,8
DA:107,8
DA:108,8
DA:110,8
DA:111,8
DA:120,8
DA:121,8
DA:123,8
DA:124,8
DA:125,8
DA:126,8
DA:128,8
DA:129,1
DA:133,7
DA:135,7
DA:136,1
DA:137,1
DA:141,6
DA:144,6
DA:145,0
DA:146,0
DA:150,6
DA:153,6
DA:154,1
DA:155,1
DA:159,5
DA:162,5
DA:163,1
DA:164,1
DA:168,4
DA:169,3
DA:170,3
DA:172,4
DA:175,4
DA:176,1
DA:177,1
DA:179,3
DA:182,3
DA:183,2
DA:186,3
DA:187,1
DA:188,1
DA:192,2
DA:195,2
DA:196,2
DA:197,2
DA:198,2
DA:199,2
DA:200,2
DA:201,2
DA:203,2
DA:212,1
DA:213,1
DA:217,1
DA:218,1
DA:220,1
DA:221,1
DA:222,1
DA:223,1
DA:224,1
DA:225,1
DA:226,1
DA:227,1
DA:228,1
DA:230,0
DA:231,0
DA:233,0
DA:243,0
DA:245,0
DA:246,0
DA:250,1
DA:251,1
DA:260,0
DA:261,0
DA:266,2
DA:268,6
DA:269,6
DA:270,6
DA:272,6
DA:273,6
DA:275,6
DA:276,1
DA:279,5
DA:280,5
DA:281,5
DA:282,5
DA:283,5
DA:286,5
DA:287,1
DA:288,1
DA:292,4
DA:293,3
DA:295,3
DA:296,3
DA:297,3
DA:298,1
DA:299,1
DA:300,2
DA:301,1
DA:302,1
DA:306,1
DA:307,1
DA:310,1
DA:311,1
DA:312,1
DA:316,2
DA:317,2
DA:318,2
DA:319,2
DA:323,2
DA:324,0
DA:326,2
DA:332,2
DA:333,1
DA:334,1
DA:338,1
DA:339,1
DA:340,1
DA:343,0
DA:344,0
DA:349,0
DA:350,0
DA:351,0
DA:354,1
DA:355,1
DA:356,1
DA:357,1
DA:359,1
DA:360,1
DA:363,1
DA:367,0
DA:373,0
DA:374,0
DA:378,2
LF:161
LH:140
BRDA:70,0,0,1
BRDA:70,0,1,1
BRDA:78,1,0,1
BRDA:78,1,1,0
BRDA:128,2,0,1
BRDA:128,2,1,7
BRDA:135,3,0,1
BRDA:135,3,1,6
BRDA:135,4,0,7
BRDA:135,4,1,6
BRDA:144,5,0,0
BRDA:144,5,1,6
BRDA:144,6,0,6
BRDA:144,6,1,6
BRDA:153,7,0,1
BRDA:153,7,1,5
BRDA:153,8,0,6
BRDA:153,8,1,5
BRDA:162,9,0,1
BRDA:162,9,1,4
BRDA:162,10,0,5
BRDA:162,10,1,4
BRDA:168,11,0,3
BRDA:168,11,1,1
BRDA:175,12,0,1
BRDA:175,12,1,3
BRDA:175,13,0,4
BRDA:175,13,1,3
BRDA:182,14,0,2
BRDA:182,14,1,1
BRDA:186,15,0,1
BRDA:186,15,1,2
BRDA:186,16,0,3
BRDA:186,16,1,2
BRDA:203,17,0,1
BRDA:203,17,1,1
BRDA:204,18,0,2
BRDA:204,18,1,2
BRDA:204,18,2,2
BRDA:204,18,3,2
BRDA:204,18,4,2
BRDA:204,18,5,2
BRDA:204,18,6,1
BRDA:220,19,0,1
BRDA:220,19,1,0
BRDA:275,20,0,1
BRDA:275,20,1,5
BRDA:286,21,0,1
BRDA:286,21,1,4
BRDA:286,22,0,5
BRDA:286,22,1,2
BRDA:292,23,0,3
BRDA:292,23,1,1
BRDA:297,24,0,1
BRDA:297,24,1,2
BRDA:300,25,0,1
BRDA:300,25,1,1
BRDA:316,26,0,2
BRDA:316,26,1,0
BRDA:323,27,0,0
BRDA:323,27,1,2
BRDA:332,28,0,1
BRDA:332,28,1,1
BRDA:354,29,0,1
BRDA:354,29,1,0
BRDA:354,30,0,1
BRDA:354,30,1,1
BRF:67
BRH:61
end_of_record
TN:
SF:routes\quoteHistory.js
FN:7,(anonymous_0)
FN:17,(anonymous_1)
FN:31,(anonymous_2)
FNF:3
FNH:0
FNDA:0,(anonymous_0)
FNDA:0,(anonymous_1)
FNDA:0,(anonymous_2)
DA:1,2
DA:2,2
DA:3,2
DA:4,2
DA:7,2
DA:8,0
DA:9,0
DA:10,0
DA:12,0
DA:17,2
DA:18,0
DA:19,0
DA:20,0
DA:22,0
DA:23,0
DA:24,0
DA:26,0
DA:31,2
DA:32,0
DA:33,0
DA:34,0
DA:35,0
DA:37,0
DA:38,0
DA:39,0
DA:40,0
DA:41,0
DA:43,0
DA:52,0
DA:53,0
DA:54,0
DA:58,0
DA:62,2
LF:33
LH:8
BRF:0
BRH:0
end_of_record
TN:
SF:routes\userRoutes.js
FN:11,(anonymous_0)
FN:50,(anonymous_1)
FN:71,(anonymous_2)
FNF:3
FNH:3
FNDA:2,(anonymous_0)
FNDA:2,(anonymous_1)
FNDA:2,(anonymous_2)
DA:1,2
DA:2,2
DA:3,2
DA:4,2
DA:5,2
DA:6,2
DA:7,2
DA:8,2
DA:11,2
DA:12,2
DA:13,2
DA:17,2
DA:18,1
DA:24,1
DA:25,0
DA:31,1
DA:35,1
DA:41,0
DA:42,0
DA:50,2
DA:51,2
DA:52,2
DA:53,2
DA:54,2
DA:56,2
DA:58,2
DA:59,1
DA:64,1
DA:66,1
DA:71,2
DA:72,2
DA:73,2
DA:74,2
DA:76,2
DA:81,2
DA:82,2
DA:87,0
DA:93,0
DA:94,0
DA:96,0
DA:97,0
DA:104,2
LF:42
LH:34
BRDA:17,0,0,1
BRDA:17,0,1,1
BRDA:24,1,0,0
BRDA:24,1,1,1
BRDA:58,2,0,1
BRDA:58,2,1,1
BRDA:81,3,0,2
BRDA:81,3,1,0
BRF:8
BRH:6
end_of_record
TN:
SF:services\basicAuth.js
FN:3,(anonymous_0)
FN:8,(anonymous_1)
FNF:2
FNH:2
FNDA:2,(anonymous_0)
FNDA:2,(anonymous_1)
DA:1,2
DA:3,2
DA:4,2
DA:5,2
DA:7,2
DA:8,2
DA:9,2
DA:10,0
DA:13,2
DA:14,0
DA:18,2
LF:11
LH:9
BRDA:9,0,0,0
BRDA:9,0,1,2
BRDA:13,1,0,0
BRDA:13,1,1,2
BRF:4
BRH:2
end_of_record
