TN:
SF:index.js
FN:21,(anonymous_0)
FNF:1
FNH:1
FNDA:1,(anonymous_0)
DA:1,1
DA:2,1
DA:3,1
DA:5,1
DA:6,1
DA:9,1
DA:11,1
DA:13,1
DA:16,1
DA:17,1
DA:18,1
DA:20,1
DA:21,1
DA:22,1
DA:25,1
LF:15
LH:15
BRF:0
BRH:0
end_of_record
TN:
SF:data\quoteHistoryData.js
FNF:0
FNH:0
DA:1,3
DA:53,3
LF:2
LH:2
BRF:0
BRH:0
end_of_record
TN:
SF:data\states.js
FNF:0
FNH:0
DA:1,1
LF:1
LH:1
BRF:0
BRH:0
end_of_record
TN:
SF:data\usersData.js
FNF:0
FNH:0
DA:1,1
DA:126,1
LF:2
LH:2
BRF:0
BRH:0
end_of_record
TN:
SF:routes\profileSettings.js
FN:10,(anonymous_0)
FN:15,(anonymous_1)
FN:29,(anonymous_2)
FN:36,(anonymous_3)
FN:128,(anonymous_4)
FN:135,(anonymous_5)
FN:177,(anonymous_6)
FN:178,(anonymous_7)
FNF:8
FNH:0
FNDA:0,(anonymous_0)
FNDA:0,(anonymous_1)
FNDA:0,(anonymous_2)
FNDA:0,(anonymous_3)
FNDA:0,(anonymous_4)
FNDA:0,(anonymous_5)
FNDA:0,(anonymous_6)
FNDA:0,(anonymous_7)
DA:1,1
DA:2,1
DA:3,1
DA:4,1
DA:5,1
DA:6,1
DA:7,1
DA:10,1
DA:11,0
DA:12,0
DA:13,0
DA:14,0
DA:15,0
DA:16,0
DA:17,0
DA:18,0
DA:20,0
DA:23,0
DA:24,0
DA:29,1
DA:31,0
DA:32,0
DA:33,0
DA:35,0
DA:36,0
DA:37,0
DA:38,0
DA:39,0
DA:40,0
DA:41,0
DA:42,0
DA:44,0
DA:45,0
DA:47,0
DA:49,0
DA:51,0
DA:52,0
DA:53,0
DA:55,0
DA:58,0
DA:59,0
DA:60,0
DA:62,0
DA:65,0
DA:66,0
DA:67,0
DA:69,0
DA:72,0
DA:73,0
DA:74,0
DA:76,0
DA:77,0
DA:78,0
DA:80,0
DA:83,0
DA:84,0
DA:85,0
DA:87,0
DA:90,0
DA:91,0
DA:94,0
DA:95,0
DA:96,0
DA:98,0
DA:101,0
DA:102,0
DA:104,0
DA:106,0
DA:107,0
DA:108,0
DA:109,0
DA:110,0
DA:111,0
DA:112,0
DA:113,0
DA:115,0
DA:118,0
DA:122,0
DA:123,0
DA:128,1
DA:130,0
DA:131,0
DA:132,0
DA:134,0
DA:135,0
DA:137,0
DA:138,0
DA:140,0
DA:142,0
DA:143,0
DA:144,0
DA:145,0
DA:146,0
DA:147,0
DA:150,0
DA:151,0
DA:152,0
DA:156,0
DA:157,0
DA:158,0
DA:159,0
DA:160,0
DA:161,0
DA:162,0
DA:163,0
DA:165,0
DA:166,0
DA:169,0
DA:170,0
DA:171,0
DA:175,0
DA:176,0
DA:177,0
DA:178,0
DA:179,0
DA:180,0
DA:182,0
DA:187,0
DA:188,0
DA:189,0
DA:193,0
DA:194,0
DA:195,0
DA:198,0
DA:199,0
DA:202,0
DA:203,0
DA:204,0
DA:205,0
DA:208,0
DA:210,0
DA:211,0
DA:213,0
DA:214,0
DA:216,0
DA:217,0
DA:220,0
DA:222,0
DA:226,0
DA:227,0
DA:231,1
LF:141
LH:11
BRDA:17,0,0,0
BRDA:17,0,1,0
BRDA:44,1,0,0
BRDA:44,1,1,0
BRDA:51,2,0,0
BRDA:51,2,1,0
BRDA:51,3,0,0
BRDA:51,3,1,0
BRDA:58,4,0,0
BRDA:58,4,1,0
BRDA:58,5,0,0
BRDA:58,5,1,0
BRDA:65,6,0,0
BRDA:65,6,1,0
BRDA:65,7,0,0
BRDA:65,7,1,0
BRDA:72,8,0,0
BRDA:72,8,1,0
BRDA:72,9,0,0
BRDA:72,9,1,0
BRDA:76,10,0,0
BRDA:76,10,1,0
BRDA:83,11,0,0
BRDA:83,11,1,0
BRDA:83,12,0,0
BRDA:83,12,1,0
BRDA:90,13,0,0
BRDA:90,13,1,0
BRDA:94,14,0,0
BRDA:94,14,1,0
BRDA:94,15,0,0
BRDA:94,15,1,0
BRDA:101,16,0,0
BRDA:101,16,1,0
BRDA:101,17,0,0
BRDA:101,17,1,0
BRDA:101,17,2,0
BRDA:101,17,3,0
BRDA:101,17,4,0
BRDA:101,17,5,0
BRDA:101,17,6,0
BRDA:137,18,0,0
BRDA:137,18,1,0
BRDA:150,19,0,0
BRDA:150,19,1,0
BRDA:150,20,0,0
BRDA:150,20,1,0
BRDA:156,21,0,0
BRDA:156,21,1,0
BRDA:158,22,0,0
BRDA:158,22,1,0
BRDA:161,23,0,0
BRDA:161,23,1,0
BRDA:175,24,0,0
BRDA:175,24,1,0
BRDA:179,25,0,0
BRDA:179,25,1,0
BRDA:187,26,0,0
BRDA:187,26,1,0
BRDA:208,27,0,0
BRDA:208,27,1,0
BRDA:208,28,0,0
BRDA:208,28,1,0
BRF:63
BRH:0
end_of_record
TN:
SF:routes\quoteHistory.js
FN:9,(anonymous_0)
FN:14,(anonymous_1)
FN:19,(anonymous_2)
FN:23,(anonymous_3)
FNF:4
FNH:0
FNDA:0,(anonymous_0)
FNDA:0,(anonymous_1)
FNDA:0,(anonymous_2)
FNDA:0,(anonymous_3)
DA:1,1
DA:2,1
DA:3,1
DA:4,1
DA:9,1
DA:10,0
DA:14,1
DA:15,0
DA:16,0
DA:17,0
DA:19,0
DA:20,0
DA:23,1
DA:24,0
DA:25,0
DA:26,0
DA:27,0
DA:29,0
DA:30,0
DA:31,0
DA:32,0
DA:33,0
DA:35,0
DA:37,0
DA:43,0
DA:44,0
DA:47,1
LF:27
LH:8
BRF:0
BRH:0
end_of_record
TN:
SF:routes\userRoutes.js
FN:10,(anonymous_0)
FN:13,(anonymous_1)
FN:19,(anonymous_2)
FN:39,(anonymous_3)
FN:44,(anonymous_4)
FN:55,(anonymous_5)
FN:56,(anonymous_6)
FN:58,(anonymous_7)
FNF:8
FNH:8
FNDA:2,(anonymous_0)
FNDA:12,(anonymous_1)
FNDA:1,(anonymous_2)
FNDA:2,(anonymous_3)
FNDA:12,(anonymous_4)
FNDA:2,(anonymous_5)
FNDA:24,(anonymous_6)
FNDA:24,(anonymous_7)
DA:1,1
DA:2,1
DA:3,1
DA:4,1
DA:5,1
DA:6,1
DA:7,1
DA:10,1
DA:11,2
DA:12,2
DA:13,12
DA:15,2
DA:16,1
DA:19,1
DA:20,1
DA:21,0
DA:23,1
DA:24,1
DA:27,1
DA:33,0
DA:39,1
DA:40,2
DA:41,2
DA:42,2
DA:43,2
DA:44,12
DA:45,2
DA:46,1
DA:48,1
DA:50,0
DA:55,1
DA:56,24
DA:57,2
DA:58,24
DA:60,2
DA:61,1
DA:63,1
DA:64,1
DA:65,1
DA:79,1
DA:80,1
DA:84,1
LF:42
LH:39
BRDA:15,0,0,1
BRDA:15,0,1,1
BRDA:20,1,0,0
BRDA:20,1,1,1
BRDA:23,2,0,1
BRDA:23,2,1,0
BRDA:45,3,0,1
BRDA:45,3,1,1
BRDA:56,4,0,2
BRDA:56,4,1,0
BRDA:60,5,0,1
BRDA:60,5,1,1
BRF:12
BRH:9
end_of_record
TN:
SF:services\basicAuth.js
FN:3,(anonymous_0)
FN:8,(anonymous_1)
FNF:2
FNH:2
FNDA:2,(anonymous_0)
FNDA:2,(anonymous_1)
DA:1,1
DA:3,1
DA:4,2
DA:5,2
DA:7,2
DA:8,2
DA:9,2
DA:10,0
DA:13,2
DA:14,0
DA:18,2
LF:11
LH:9
BRDA:9,0,0,0
BRDA:9,0,1,2
BRDA:13,1,0,0
BRDA:13,1,1,2
BRF:4
BRH:2
end_of_record
